#
# There is insufficient memory for the Java Runtime Environment to continue.
# Native memory allocation (mmap) failed to map 67108864 bytes for Failed to commit area from 0x00000000fc000000 to 0x0000000100000000 of length 67108864.
# Possible reasons:
#   The system is out of physical RAM or swap space
#   The process is running with CompressedOops enabled, and the Java Heap may be blocking the growth of the native heap
# Possible solutions:
#   Reduce memory load on the system
#   Increase physical memory or swap space
#   Check if swap backing store is full
#   Decrease Java heap size (-Xmx/-Xms)
#   Decrease number of Java threads
#   Decrease Java thread stack sizes (-Xss)
#   Set larger code cache with -XX:ReservedCodeCacheSize=
# This output file may be truncated or incomplete.
#
#  Out of Memory Error (t:/workspace/open/src/hotspot/os/windows/os_windows.cpp:3301), pid=12920, tid=3368
#
# JRE version:  (13.0.1+9) (build )
# Java VM: Java HotSpot(TM) 64-Bit Server VM (13.0.1+9, mixed mode, aot, sharing, tiered, compressed oops, g1 gc, windows-amd64)
# No core dump will be written. Minidumps are not enabled by default on client versions of Windows
#

---------------  S U M M A R Y ------------

Command Line: -Xmx64m -Xms64m -Dorg.gradle.appname=gradlew org.gradle.wrapper.GradleWrapperMain app:installDebug -PreactNativeDevServerPort=8088

Host: Intel(R) Core(TM) i3-2310M CPU @ 2.10GHz, 4 cores, 7G,  Windows 10 , 64 bit Build 17763 (10.0.17763.475)
Time: Fri Jan 10 01:00:42 2020 Pakistan Standard Time elapsed time: 0 seconds (0d 0h 0m 0s)

---------------  T H R E A D  ---------------

Current thread (0x000002560fa1d800):  JavaThread "Unknown thread" [_thread_in_vm, id=3368, stack(0x000000816ae00000,0x000000816af00000)]

Stack: [0x000000816ae00000,0x000000816af00000]
Native frames: (J=compiled Java code, j=interpreted, Vv=VM code, C=native code)
V  [jvm.dll+0x626eca]
V  [jvm.dll+0x772c6a]
V  [jvm.dll+0x77441f]
V  [jvm.dll+0x774a23]
V  [jvm.dll+0x24da58]
V  [jvm.dll+0x62438a]
V  [jvm.dll+0x618f75]
V  [jvm.dll+0x30c61c]
V  [jvm.dll+0x30c452]
V  [jvm.dll+0x311bc6]
V  [jvm.dll+0x355ce6]
V  [jvm.dll+0x3554c0]
V  [jvm.dll+0x2e729a]
V  [jvm.dll+0x2e8532]
V  [jvm.dll+0x74fcd8]
V  [jvm.dll+0x363739]
V  [jvm.dll+0x732dc5]
V  [jvm.dll+0x3ce2ef]
V  [jvm.dll+0x3d0611]
C  [jli.dll+0x51ff]
C  [ucrtbase.dll+0x21ffa]
C  [KERNEL32.DLL+0x17974]
C  [ntdll.dll+0x6a271]


---------------  P R O C E S S  ---------------

Threads class SMR info:
_java_thread_list=0x00007ffcd10446b8, length=0, elements={
}

Java Threads: ( => current thread )

Other Threads:
  0x000002560fa3b800 GCTaskThread "GC Thread#0" [stack: 0x000000816af00000,0x000000816b000000] [id=15456]
  0x000002560fa3e800 ConcurrentGCThread "G1 Main Marker" [stack: 0x000000816b000000,0x000000816b100000] [id=8612]
  0x000002560fa40800 ConcurrentGCThread "G1 Conc#0" [stack: 0x000000816b100000,0x000000816b200000] [id=1832]

[error occurred during error reporting (printing all threads), id 0xc0000005, EXCEPTION_ACCESS_VIOLATION (0xc0000005) at pc=0x00007ffcd0876f67]

VM state:not at safepoint (not fully initialized)

VM Mutex/Monitor currently owned by a thread:  ([mutex/lock_event])
[0x000002560fa1af90] Heap_lock - owner thread: 0x000002560fa1d800

Heap address: 0x00000000fc000000, size: 64 MB, Compressed Oops mode: Non-zero based: 0x00000000fc000000
Narrow klass base: 0x0000000000000000, Narrow klass shift: 0

GC Heap History (0 events):
No events

Deoptimization events (0 events):
No events

Classes unloaded (0 events):
No events

Classes redefined (0 events):
No events

Internal exceptions (0 events):
No events

Events (8 events):
Event: 0.010 Loaded shared library C:\Program Files\Java\jdk-13.0.1\bin\zip.dll
Event: 0.011 Loaded shared library C:\Program Files\Java\jdk-13.0.1\bin\jimage.dll
Event: 0.013 Loading shared library C:\Program Files\Java\jdk-13.0.1\lib\libjava.base-coop.dll failed, error code 126
Event: 0.013 Loading shared library C:\Program Files\Java\jdk-13.0.1\lib\libjava.logging-coop.dll failed, error code 126
Event: 0.013 Loading shared library C:\Program Files\Java\jdk-13.0.1\lib\libjdk.compiler-coop.dll failed, error code 126
Event: 0.013 Loading shared library C:\Program Files\Java\jdk-13.0.1\lib\libjdk.scripting.nashorn-coop.dll failed, error code 126
Event: 0.013 Loading shared library C:\Program Files\Java\jdk-13.0.1\lib\libjdk.internal.vm.ci-coop.dll failed, error code 126
Event: 0.013 Loading shared library C:\Program Files\Java\jdk-13.0.1\lib\libjdk.internal.vm.compiler-coop.dll failed, error code 126


Dynamic libraries:
0x00007ff6b0540000 - 0x00007ff6b054f000 	C:\Program Files\Java\jdk-13.0.1\bin\java.exe
0x00007ffd3ac30000 - 0x00007ffd3ae1d000 	C:\Windows\SYSTEM32\ntdll.dll
0x00007ffd3a030000 - 0x00007ffd3a0e3000 	C:\Windows\System32\KERNEL32.DLL
0x00007ffd36f80000 - 0x00007ffd37213000 	C:\Windows\System32\KERNELBASE.dll
0x00007ffd37d50000 - 0x00007ffd37e4a000 	C:\Windows\System32\ucrtbase.dll
0x00007ffd32cd0000 - 0x00007ffd32ce5000 	C:\Program Files\Java\jdk-13.0.1\bin\VCRUNTIME140.dll
0x00007ffd32cb0000 - 0x00007ffd32cc8000 	C:\Program Files\Java\jdk-13.0.1\bin\jli.dll
0x00007ffd39d60000 - 0x00007ffd39e03000 	C:\Windows\System32\ADVAPI32.dll
0x00007ffd3a3e0000 - 0x00007ffd3a47e000 	C:\Windows\System32\msvcrt.dll
0x00007ffd3a530000 - 0x00007ffd3a5ce000 	C:\Windows\System32\sechost.dll
0x00007ffd39ed0000 - 0x00007ffd39ff2000 	C:\Windows\System32\RPCRT4.dll
0x00007ffd37e80000 - 0x00007ffd38017000 	C:\Windows\System32\USER32.dll
0x00007ffd37420000 - 0x00007ffd37440000 	C:\Windows\System32\win32u.dll
0x00007ffd28300000 - 0x00007ffd28579000 	C:\Windows\WinSxS\amd64_microsoft.windows.common-controls_6595b64144ccf1df_6.0.17763.914_none_05b346b2072102f2\COMCTL32.dll
0x00007ffd3abd0000 - 0x00007ffd3abf9000 	C:\Windows\System32\GDI32.dll
0x00007ffd3a8a0000 - 0x00007ffd3abcc000 	C:\Windows\System32\combase.dll
0x00007ffd37c00000 - 0x00007ffd37c7e000 	C:\Windows\System32\bcryptPrimitives.dll
0x00007ffd37280000 - 0x00007ffd37419000 	C:\Windows\System32\gdi32full.dll
0x00007ffd37cb0000 - 0x00007ffd37d50000 	C:\Windows\System32\msvcp_win.dll
0x00007ffd2d380000 - 0x00007ffd2d38a000 	C:\Windows\SYSTEM32\VERSION.dll
0x00007ffd37e50000 - 0x00007ffd37e7e000 	C:\Windows\System32\IMM32.DLL
0x00007ffd0bbc0000 - 0x00007ffd0bc5b000 	C:\Program Files\Java\jdk-13.0.1\bin\msvcp140.dll
0x00007ffcd0580000 - 0x00007ffcd10e6000 	C:\Program Files\Java\jdk-13.0.1\bin\server\jvm.dll
0x00007ffd3a020000 - 0x00007ffd3a028000 	C:\Windows\System32\PSAPI.DLL
0x00007ffd271d0000 - 0x00007ffd271d9000 	C:\Windows\SYSTEM32\WSOCK32.dll
0x00007ffd3a6b0000 - 0x00007ffd3a71d000 	C:\Windows\System32\WS2_32.dll
0x00007ffd32280000 - 0x00007ffd322a4000 	C:\Windows\SYSTEM32\WINMM.dll
0x00007ffd32250000 - 0x00007ffd3227d000 	C:\Windows\SYSTEM32\WINMMBASE.dll
0x00007ffd37460000 - 0x00007ffd374aa000 	C:\Windows\System32\cfgmgr32.dll
0x00007ffd36c20000 - 0x00007ffd36c31000 	C:\Windows\System32\kernel.appcore.dll
0x00007ffd32780000 - 0x00007ffd32790000 	C:\Program Files\Java\jdk-13.0.1\bin\verify.dll
0x00007ffd25d90000 - 0x00007ffd25f7d000 	C:\Windows\SYSTEM32\DBGHELP.DLL
0x00007ffd25d60000 - 0x00007ffd25d8a000 	C:\Windows\SYSTEM32\dbgcore.DLL
0x00007ffd289f0000 - 0x00007ffd28a16000 	C:\Program Files\Java\jdk-13.0.1\bin\java.dll
0x00007ffd260e0000 - 0x00007ffd260f7000 	C:\Program Files\Java\jdk-13.0.1\bin\zip.dll
0x00007ffd32750000 - 0x00007ffd3275a000 	C:\Program Files\Java\jdk-13.0.1\bin\jimage.dll

dbghelp: loaded successfully - version: 4.0.5 - missing functions: none
symbol engine: initialized successfully - sym options: 0x614 - pdb path: .;C:\Program Files\Java\jdk-13.0.1\bin;C:\Windows\SYSTEM32;C:\Windows\WinSxS\amd64_microsoft.windows.common-controls_6595b64144ccf1df_6.0.17763.914_none_05b346b2072102f2;C:\Program Files\Java\jdk-13.0.1\bin\server

VM Arguments:
jvm_args: -Xmx64m -Xms64m -Dorg.gradle.appname=gradlew 
java_command: org.gradle.wrapper.GradleWrapperMain app:installDebug -PreactNativeDevServerPort=8088
java_class_path (initial): F:\PUCIT FYP-PORTAL\FypPortal2\android\\gradle\wrapper\gradle-wrapper.jar
Launcher Type: SUN_STANDARD

[Global flags]
     intx CICompilerCount                          = 3                                         {product} {ergonomic}
     uint ConcGCThreads                            = 1                                         {product} {ergonomic}
     uint G1ConcRefinementThreads                  = 4                                         {product} {ergonomic}
   size_t G1HeapRegionSize                         = 1048576                                   {product} {ergonomic}
    uintx GCDrainStackTargetSize                   = 64                                        {product} {ergonomic}
   size_t InitialHeapSize                          = 67108864                                  {product} {command line}
   size_t MarkStackSize                            = 4194304                                   {product} {ergonomic}
   size_t MaxHeapSize                              = 67108864                                  {product} {command line}
   size_t MinHeapDeltaBytes                        = 1048576                                   {product} {ergonomic}
   size_t MinHeapSize                              = 67108864                                  {product} {command line}
    uintx NonNMethodCodeHeapSize                   = 5830732                                {pd product} {ergonomic}
    uintx NonProfiledCodeHeapSize                  = 122913754                              {pd product} {ergonomic}
    uintx ProfiledCodeHeapSize                     = 122913754                              {pd product} {ergonomic}
    uintx ReservedCodeCacheSize                    = 251658240                              {pd product} {ergonomic}
     bool SegmentedCodeCache                       = true                                      {product} {ergonomic}
   size_t SoftMaxHeapSize                          = 67108864                               {manageable} {ergonomic}
     bool UseCompressedClassPointers               = true                                 {lp64_product} {ergonomic}
     bool UseCompressedOops                        = true                                 {lp64_product} {ergonomic}
     bool UseG1GC                                  = true                                      {product} {ergonomic}
     bool UseLargePagesIndividualAllocation        = false                                  {pd product} {ergonomic}

Logging:
Log output configuration:
 #0: stdout all=warning uptime,level,tags
 #1: stderr all=off uptime,level,tags

Environment Variables:
JAVA_HOME=C:\Program Files\Java\jdk-13.0.1
CLASSPATH=F:\PUCIT FYP-PORTAL\FypPortal2\android\\gradle\wrapper\gradle-wrapper.jar
PATH=C:\Windows\system32;C:\Windows;C:\Windows\System32\Wbem;C:\Windows\System32\WindowsPowerShell\v1.0\;C:\Windows\System32\OpenSSH\;C:\Program Files\dotnet\;C:\Program Files\Microsoft SQL Server\130\Tools\Binn\;C:\Program Files\Microsoft SQL Server\Client SDK\ODBC\110\Tools\Binn\;C:\Program Files (x86)\Microsoft SQL Server\120\Tools\Binn\;C:\Program Files\Microsoft SQL Server\120\Tools\Binn\;C:\Program Files\Microsoft SQL Server\120\DTS\Binn\;C:\Program Files (x86)\Microsoft SQL Server\120\Tools\Binn\ManagementStudio\;C:\Program Files (x86)\Microsoft SQL Server\120\DTS\Binn\;F:\MATLAB\R2018a\runtime\win64;F:\MATLAB\R2018a\bin;C:\Program Files\Microsoft\Web Platform Installer\;F:\Xampp\php;F:\Xampp\php\windowsXamppPhp;C:\composer;F:\Downloads\Node.js\;C:\Program Files\TortoiseGit\bin;F:\Git\cmd;C:\Users\taimo\AppData\Local\Android\Sdk\platform-tools;C:\Program Files\Java\jdk-13.0.1\bin;C:\Users\taimo\AppData\Local\Microsoft\WindowsApps;C:\Users\taimo\AppData\Roaming\Composer\vendor\bin;C:\Users\taimo\AppData\Local\Programs\Microsoft VS Code\bin;C:\Users\taimo\AppData\Roaming\npm;C:\Users\taimo\AppData\Local\Android\Sdk\platform-tools;
USERNAME=taimo
OS=Windows_NT
PROCESSOR_IDENTIFIER=Intel64 Family 6 Model 42 Stepping 7, GenuineIntel



---------------  S Y S T E M  ---------------

OS: Windows 10 , 64 bit Build 17763 (10.0.17763.475)

CPU:total 4 (initial active 4) (2 cores per cpu, 2 threads per core) family 6 model 42 stepping 7, cmov, cx8, fxsr, mmx, sse, sse2, sse3, ssse3, sse4.1, sse4.2, popcnt, avx, clmul, ht, tsc, tscinvbit

Memory: 4k page, system-wide physical 8126M (847M free)
TotalPageFile size 11402M (AvailPageFile size 43M)
current process WorkingSet (physical memory assigned to process): 9M, peak: 9M
current process commit charge ("private bytes"): 51M, peak: 115M

vm_info: Java HotSpot(TM) 64-Bit Server VM (13.0.1+9) for windows-amd64 JRE (13.0.1+9), built on Oct  6 2019 12:37:49 by "mach5one" with unknown MS VC++:1916

END.
