#
# There is insufficient memory for the Java Runtime Environment to continue.
# Native memory allocation (mmap) failed to map 89128960 bytes for Failed to commit area from 0x00000000f1c00000 to 0x00000000f7100000 of length 89128960.
# Possible reasons:
#   The system is out of physical RAM or swap space
#   The process is running with CompressedOops enabled, and the Java Heap may be blocking the growth of the native heap
# Possible solutions:
#   Reduce memory load on the system
#   Increase physical memory or swap space
#   Check if swap backing store is full
#   Decrease Java heap size (-Xmx/-Xms)
#   Decrease number of Java threads
#   Decrease Java thread stack sizes (-Xss)
#   Set larger code cache with -XX:ReservedCodeCacheSize=
#   JVM is running with Unscaled Compressed Oops mode in which the Java heap is
#     placed in the first 4GB address space. The Java Heap base address is the
#     maximum limit for the native heap growth. Please use -XX:HeapBaseMinAddress
#     to set the Java Heap base and to place the Java Heap above 4GB virtual address.
# This output file may be truncated or incomplete.
#
#  Out of Memory Error (t:/workspace/open/src/hotspot/os/windows/os_windows.cpp:3301), pid=1144, tid=10680
#
# JRE version: Java(TM) SE Runtime Environment (13.0.1+9) (build 13.0.1+9)
# Java VM: Java HotSpot(TM) 64-Bit Server VM (13.0.1+9, mixed mode, sharing, tiered, compressed oops, g1 gc, windows-amd64)
# No core dump will be written. Minidumps are not enabled by default on client versions of Windows
#

---------------  S U M M A R Y ------------

Command Line: --add-opens=java.base/java.util=ALL-UNNAMED --add-opens=java.base/java.lang=ALL-UNNAMED --add-opens=java.base/java.lang.invoke=ALL-UNNAMED --add-opens=java.prefs/java.util.prefs=ALL-UNNAMED -XX:MaxMetaspaceSize=256m -XX:+HeapDumpOnOutOfMemoryError -Xms256m -Xmx512m -Dfile.encoding=windows-1252 -Duser.country=US -Duser.language=en -Duser.variant org.gradle.launcher.daemon.bootstrap.GradleDaemon 5.5

Host: Intel(R) Core(TM) i3-2310M CPU @ 2.10GHz, 4 cores, 7G,  Windows 10 , 64 bit Build 17763 (10.0.17763.475)
Time: Fri Jan 10 01:11:45 2020 Pakistan Standard Time elapsed time: 81 seconds (0d 0h 1m 21s)

---------------  T H R E A D  ---------------

Current thread (0x0000014f7667a000):  VMThread "VM Thread" [stack: 0x0000002b6b700000,0x0000002b6b800000] [id=10680]

Stack: [0x0000002b6b700000,0x0000002b6b800000]
[error occurred during error reporting (printing stack bounds), id 0xc0000005, EXCEPTION_ACCESS_VIOLATION (0xc0000005) at pc=0x0000014f000010ad]

Native frames: (J=compiled Java code, j=interpreted, Vv=VM code, C=native code)
V  [jvm.dll+0x626eca]
V  [jvm.dll+0x772c6a]
V  [jvm.dll+0x77441f]
V  [jvm.dll+0x774985]
V  [jvm.dll+0x77493b]
V  [jvm.dll+0x6266ff]
C  [ntdll.dll+0x66b26]
C  [ntdll.dll+0x4849]
C  [ntdll.dll+0xa34ee]
C  0x0000014f000010ad

VM_Operation (0x0000002b6b3ff940): G1Concurrent, mode: safepoint, requested by thread 0x0000014f6a8bc800


---------------  P R O C E S S  ---------------

Threads class SMR info:
_java_thread_list=0x0000014f79dd5cd0, length=52, elements={
0x0000014f6878c000, 0x0000014f7667d000, 0x0000014f7667e800, 0x0000014f766a3800,
0x0000014f766a4800, 0x0000014f766a6800, 0x0000014f766af800, 0x0000014f766b1000,
0x0000014f770e7000, 0x0000014f77105800, 0x0000014f77a5a000, 0x0000014f77aa8000,
0x0000014f776a4800, 0x0000014f77b93800, 0x0000014f78725800, 0x0000014f78931000,
0x0000014f785b8800, 0x0000014f7841b000, 0x0000014f7861e800, 0x0000014f789d7000,
0x0000014f78a31800, 0x0000014f78a2f800, 0x0000014f78a2f000, 0x0000014f78a2e000,
0x0000014f78a32000, 0x0000014f78a2c800, 0x0000014f78a33000, 0x0000014f78a2d800,
0x0000014f7af8d000, 0x0000014f7af8a000, 0x0000014f7af8b800, 0x0000014f7af8a800,
0x0000014f7af8e000, 0x0000014f7af88800, 0x0000014f7af8f000, 0x0000014f7af89000,
0x0000014f7949c800, 0x0000014f7949b800, 0x0000014f7949d000, 0x0000014f7949e000,
0x0000014f7949a000, 0x0000014f7949b000, 0x0000014f7949f000, 0x0000014f79499000,
0x0000014f794a0800, 0x0000014f794a3000, 0x0000014f794a3800, 0x0000014f79498800,
0x0000014f794a5800, 0x0000014f7949f800, 0x0000014f794a6000, 0x0000014f794a4800
}

Java Threads: ( => current thread )
  0x0000014f6878c000 JavaThread "main" [_thread_blocked, id=14000, stack(0x0000002b6b100000,0x0000002b6b200000)]
  0x0000014f7667d000 JavaThread "Reference Handler" daemon [_thread_blocked, id=2848, stack(0x0000002b6b800000,0x0000002b6b900000)]
  0x0000014f7667e800 JavaThread "Finalizer" daemon [_thread_blocked, id=10948, stack(0x0000002b6b900000,0x0000002b6ba00000)]
  0x0000014f766a3800 JavaThread "Signal Dispatcher" daemon [_thread_blocked, id=9796, stack(0x0000002b6ba00000,0x0000002b6bb00000)]
  0x0000014f766a4800 JavaThread "Attach Listener" daemon [_thread_blocked, id=3640, stack(0x0000002b6bb00000,0x0000002b6bc00000)]
  0x0000014f766a6800 JavaThread "C2 CompilerThread0" daemon [_thread_blocked, id=15884, stack(0x0000002b6bc00000,0x0000002b6bd00000)]
  0x0000014f766af800 JavaThread "C1 CompilerThread0" daemon [_thread_blocked, id=12588, stack(0x0000002b6bd00000,0x0000002b6be00000)]
  0x0000014f766b1000 JavaThread "Sweeper thread" daemon [_thread_blocked, id=13056, stack(0x0000002b6be00000,0x0000002b6bf00000)]
  0x0000014f770e7000 JavaThread "Common-Cleaner" daemon [_thread_blocked, id=2944, stack(0x0000002b6bf00000,0x0000002b6c000000)]
  0x0000014f77105800 JavaThread "Service Thread" daemon [_thread_blocked, id=11020, stack(0x0000002b6c000000,0x0000002b6c100000)]
  0x0000014f77a5a000 JavaThread "Daemon health stats" [_thread_blocked, id=5784, stack(0x0000002b6c600000,0x0000002b6c700000)]
  0x0000014f77aa8000 JavaThread "Incoming local TCP Connector on port 62542" [_thread_in_native, id=1336, stack(0x0000002b6c500000,0x0000002b6c600000)]
  0x0000014f776a4800 JavaThread "Daemon periodic checks" [_thread_blocked, id=14444, stack(0x0000002b6c700000,0x0000002b6c800000)]
  0x0000014f77b93800 JavaThread "Daemon" [_thread_blocked, id=2520, stack(0x0000002b6c800000,0x0000002b6c900000)]
  0x0000014f78725800 JavaThread "Handler for socket connection from /127.0.0.1:62542 to /127.0.0.1:62543" [_thread_in_native, id=15024, stack(0x0000002b6c900000,0x0000002b6ca00000)]
  0x0000014f78931000 JavaThread "Cancel handler" [_thread_blocked, id=14992, stack(0x0000002b6ca00000,0x0000002b6cb00000)]
  0x0000014f785b8800 JavaThread "Daemon worker" [_thread_blocked, id=13036, stack(0x0000002b6cb00000,0x0000002b6cc00000)]
  0x0000014f7841b000 JavaThread "Asynchronous log dispatcher for DefaultDaemonConnection: socket connection from /127.0.0.1:62542 to /127.0.0.1:62543" [_thread_blocked, id=15524, stack(0x0000002b6cc00000,0x0000002b6cd00000)]
  0x0000014f7861e800 JavaThread "Stdin handler" [_thread_blocked, id=13648, stack(0x0000002b6cd00000,0x0000002b6ce00000)]
  0x0000014f789d7000 JavaThread "Thread-8" [_thread_blocked, id=9004, stack(0x0000002b6ce00000,0x0000002b6cf00000)]
  0x0000014f78a31800 JavaThread "Cache worker for file hash cache (C:\Users\taimo\.gradle\caches\5.5\fileHashes)" [_thread_blocked, id=15864, stack(0x0000002b6cf00000,0x0000002b6d000000)]
  0x0000014f78a2f800 JavaThread "File lock request listener" [_thread_in_native, id=4448, stack(0x0000002b6d000000,0x0000002b6d100000)]
  0x0000014f78a2f000 JavaThread "Cache worker for journal cache (C:\Users\taimo\.gradle\caches\journal-1)" [_thread_blocked, id=15124, stack(0x0000002b6d100000,0x0000002b6d200000)]
  0x0000014f78a2e000 JavaThread "Cache worker for file hash cache (F:\PUCIT FYP-PORTAL\FypPortal2\android\.gradle\5.5\fileHashes)" [_thread_blocked, id=5288, stack(0x0000002b6d300000,0x0000002b6d400000)]
  0x0000014f78a32000 JavaThread "Cache worker for cache directory md-supplier (C:\Users\taimo\.gradle\caches\5.5\md-supplier)" [_thread_blocked, id=16124, stack(0x0000002b6d400000,0x0000002b6d500000)]
  0x0000014f78a2c800 JavaThread "Cache worker for cache directory md-rule (C:\Users\taimo\.gradle\caches\5.5\md-rule)" [_thread_blocked, id=9276, stack(0x0000002b6d500000,0x0000002b6d600000)]
  0x0000014f78a33000 JavaThread "Cache worker for execution history cache (C:\Users\taimo\.gradle\caches\5.5\executionHistory)" [_thread_blocked, id=11992, stack(0x0000002b6d600000,0x0000002b6d700000)]
  0x0000014f78a2d800 JavaThread "Build operations" [_thread_blocked, id=12912, stack(0x0000002b6d700000,0x0000002b6d800000)]
  0x0000014f7af8d000 JavaThread "Build operations Thread 2" [_thread_blocked, id=8708, stack(0x0000002b6d800000,0x0000002b6d900000)]
  0x0000014f7af8a000 JavaThread "Build operations Thread 3" [_thread_blocked, id=280, stack(0x0000002b6d900000,0x0000002b6da00000)]
  0x0000014f7af8b800 JavaThread "Build operations Thread 4" [_thread_blocked, id=16052, stack(0x0000002b6da00000,0x0000002b6db00000)]
  0x0000014f7af8a800 JavaThread "Cache worker for Build Output Cleanup Cache (F:\PUCIT FYP-PORTAL\FypPortal2\android\.gradle\buildOutputCleanup)" [_thread_blocked, id=8000, stack(0x0000002b6d200000,0x0000002b6d300000)]
  0x0000014f7af8e000 JavaThread "Memory manager" [_thread_blocked, id=9008, stack(0x0000002b6de00000,0x0000002b6df00000)]
  0x0000014f7af88800 JavaThread "Cache worker for file content cache (C:\Users\taimo\.gradle\caches\5.5\fileContent)" [_thread_blocked, id=9280, stack(0x0000002b6e000000,0x0000002b6e100000)]
  0x0000014f7af8f000 JavaThread "Cache worker for file content cache (F:\PUCIT FYP-PORTAL\FypPortal2\android\.gradle\5.5\fileContent)" [_thread_blocked, id=15188, stack(0x0000002b6e100000,0x0000002b6e200000)]
  0x0000014f7af89000 JavaThread "Execution worker for ':'" [_thread_blocked, id=9412, stack(0x0000002b6e200000,0x0000002b6e300000)]
  0x0000014f7949c800 JavaThread "Execution worker for ':' Thread 2" [_thread_blocked, id=13200, stack(0x0000002b6e300000,0x0000002b6e400000)]
  0x0000014f7949b800 JavaThread "Execution worker for ':' Thread 3" [_thread_blocked, id=13900, stack(0x0000002b6e400000,0x0000002b6e500000)]
  0x0000014f7949d000 JavaThread "Cache worker for execution history cache (F:\PUCIT FYP-PORTAL\FypPortal2\android\.gradle\5.5\executionHistory)" [_thread_blocked, id=9428, stack(0x0000002b6e500000,0x0000002b6e600000)]
  0x0000014f7949e000 JavaThread "Cache worker for Java compile cache (C:\Users\taimo\.gradle\caches\5.5\javaCompile)" [_thread_blocked, id=15968, stack(0x0000002b6e600000,0x0000002b6e700000)]
  0x0000014f7949a000 JavaThread "Cache worker for Java compile cache (F:\PUCIT FYP-PORTAL\FypPortal2\android\.gradle\5.5\javaCompile)" [_thread_blocked, id=15856, stack(0x0000002b6e700000,0x0000002b6e800000)]
  0x0000014f7949b000 JavaThread "ForkJoinPool.commonPool-worker-3" daemon [_thread_blocked, id=2164, stack(0x0000002b6e800000,0x0000002b6e900000)]
  0x0000014f7949f000 JavaThread "pool-2-thread-1" [_thread_blocked, id=3648, stack(0x0000002b6e900000,0x0000002b6ea00000)]
  0x0000014f79499000 JavaThread "stderr" [_thread_in_native, id=15612, stack(0x0000002b6ea00000,0x0000002b6eb00000)]
  0x0000014f794a0800 JavaThread "stdout" [_thread_in_native, id=12220, stack(0x0000002b6eb00000,0x0000002b6ec00000)]
  0x0000014f794a3000 JavaThread "ForkJoinPool.commonPool-worker-5" daemon [_thread_blocked, id=13924, stack(0x0000002b6af00000,0x0000002b6b000000)]
  0x0000014f794a3800 JavaThread "ForkJoinPool.commonPool-worker-7" daemon [_thread_blocked, id=10404, stack(0x0000002b6b000000,0x0000002b6b100000)]
  0x0000014f79498800 JavaThread "C2 CompilerThread1" daemon [_thread_blocked, id=15416, stack(0x0000002b6ae00000,0x0000002b6af00000)]
  0x0000014f794a5800 JavaThread "ForkJoinPool-2-worker-3" daemon [_thread_blocked, id=15364, stack(0x0000002b6dd00000,0x0000002b6de00000)]
  0x0000014f7949f800 JavaThread "ForkJoinPool-2-worker-5" daemon [_thread_blocked, id=11092, stack(0x0000002b6ec00000,0x0000002b6ed00000)]
  0x0000014f794a6000 JavaThread "ForkJoinPool-2-worker-7" daemon [_thread_blocked, id=11544, stack(0x0000002b6ed00000,0x0000002b6ee00000)]
  0x0000014f794a4800 JavaThread "ForkJoinPool-2-worker-1" daemon [_thread_blocked, id=13944, stack(0x0000002b6ee00000,0x0000002b6ef00000)]

Other Threads:
=>0x0000014f7667a000 VMThread "VM Thread" [stack: 0x0000002b6b700000,0x0000002b6b800000] [id=10680]
  0x0000014f7710a000 WatcherThread [stack: 0x0000002b6c100000,0x0000002b6c200000] [id=7872]
  0x0000014f6a8b7000 GCTaskThread "GC Thread#0" [stack: 0x0000002b6b200000,0x0000002b6b300000] [id=6720]
  0x0000014f776cb800 GCTaskThread "GC Thread#1" [stack: 0x0000002b6c200000,0x0000002b6c300000] [id=14780]
  0x0000014f776cc800 GCTaskThread "GC Thread#2" [stack: 0x0000002b6c300000,0x0000002b6c400000] [id=8424]
  0x0000014f7785d800 GCTaskThread "GC Thread#3" [stack: 0x0000002b6c400000,0x0000002b6c500000] [id=7820]
  0x0000014f6a8bc800 ConcurrentGCThread "G1 Main Marker" [stack: 0x0000002b6b300000,0x0000002b6b400000] [id=13836]
  0x0000014f6a8bf000 ConcurrentGCThread "G1 Conc#0" [stack: 0x0000002b6b400000,0x0000002b6b500000] [id=13300]
  0x0000014f7652c800 ConcurrentGCThread "G1 Refine#0" [stack: 0x0000002b6b500000,0x0000002b6b600000] [id=15972]
  0x0000014f7b5da800 ConcurrentGCThread "G1 Refine#1" [stack: 0x0000002b6df00000,0x0000002b6e000000] [id=11728]
  0x0000014f7b5da000 ConcurrentGCThread "G1 Refine#2" [stack: 0x0000002b6ef00000,0x0000002b6f000000] [id=10928]
  0x0000014f7b5d9000 ConcurrentGCThread "G1 Refine#3" [stack: 0x0000002b6f000000,0x0000002b6f100000] [id=14560]
  0x0000014f7652e000 ConcurrentGCThread "G1 Young RemSet Sampling" [stack: 0x0000002b6b600000,0x0000002b6b700000] [id=15208]

Threads with active compile tasks:
C2 CompilerThread0    81125 19829       4       com.android.tools.r8.graph.DexAnnotationDirectory::<init> (281 bytes)
C2 CompilerThread1    81126 19872       4       com.android.tools.r8.dex.DebugBytecodeWriter::generate (120 bytes)

VM state:at safepoint (normal execution)

VM Mutex/Monitor currently owned by a thread:  ([mutex/lock_event])
[0x0000014f686b4860] Threads_lock - owner thread: 0x0000014f7667a000
[0x0000014f686b4590] Heap_lock - owner thread: 0x0000014f6a8bc800

Heap address: 0x00000000e0000000, size: 512 MB, Compressed Oops mode: 32-bit
Narrow klass base: 0x0000000800000000, Narrow klass shift: 3
Compressed class space size: 260046848 Address: 0x0000000800b40000

Heap:
 garbage-first heap   total 377856K, used 222976K [0x00000000e0000000, 0x0000000100000000)
  region size 1024K, 48 young (49152K), 6 survivors (6144K)
 Metaspace       used 96235K, capacity 98976K, committed 99440K, reserved 342016K
  class space    used 11930K, capacity 12900K, committed 13112K, reserved 253952K
Heap Regions: E=young(eden), S=young(survivor), O=old, HS=humongous(starts), HC=humongous(continues), CS=collection set, F=free, A=archive, TAMS=top-at-mark-start (previous, next)
|   0|0x00000000e0000000, 0x00000000e0100000, 0x00000000e0100000|100%| O|  |TAMS 0x00000000e0100000, 0x00000000e0000000| Updating 
|   1|0x00000000e0100000, 0x00000000e0200000, 0x00000000e0200000|100%| O|  |TAMS 0x00000000e0200000, 0x00000000e0100000| Updating 
|   2|0x00000000e0200000, 0x00000000e0300000, 0x00000000e0300000|100%|HS|  |TAMS 0x00000000e0300000, 0x00000000e0200000| Complete 
|   3|0x00000000e0300000, 0x00000000e0400000, 0x00000000e0400000|100%|HS|  |TAMS 0x00000000e0400000, 0x00000000e0300000| Complete 
|   4|0x00000000e0400000, 0x00000000e0500000, 0x00000000e0500000|100%|HC|  |TAMS 0x00000000e0500000, 0x00000000e0400000| Complete 
|   5|0x00000000e0500000, 0x00000000e0600000, 0x00000000e0600000|100%| O|  |TAMS 0x00000000e0600000, 0x00000000e0500000| Updating 
|   6|0x00000000e0600000, 0x00000000e0700000, 0x00000000e0700000|100%| O|  |TAMS 0x00000000e0700000, 0x00000000e0600000| Updating 
|   7|0x00000000e0700000, 0x00000000e0800000, 0x00000000e0800000|100%| O|  |TAMS 0x00000000e0800000, 0x00000000e0700000| Updating 
|   8|0x00000000e0800000, 0x00000000e0900000, 0x00000000e0900000|100%| O|  |TAMS 0x00000000e0900000, 0x00000000e0800000| Updating 
|   9|0x00000000e0900000, 0x00000000e0a00000, 0x00000000e0a00000|100%| O|  |TAMS 0x00000000e0a00000, 0x00000000e0900000| Updating 
|  10|0x00000000e0a00000, 0x00000000e0b00000, 0x00000000e0b00000|100%| O|  |TAMS 0x00000000e0b00000, 0x00000000e0a00000| Updating 
|  11|0x00000000e0b00000, 0x00000000e0c00000, 0x00000000e0c00000|100%| O|  |TAMS 0x00000000e0c00000, 0x00000000e0b00000| Updating 
|  12|0x00000000e0c00000, 0x00000000e0d00000, 0x00000000e0d00000|100%| O|  |TAMS 0x00000000e0d00000, 0x00000000e0c00000| Updating 
|  13|0x00000000e0d00000, 0x00000000e0e00000, 0x00000000e0e00000|100%| O|  |TAMS 0x00000000e0e00000, 0x00000000e0d00000| Updating 
|  14|0x00000000e0e00000, 0x00000000e0f00000, 0x00000000e0f00000|100%| O|  |TAMS 0x00000000e0f00000, 0x00000000e0e00000| Updating 
|  15|0x00000000e0f00000, 0x00000000e1000000, 0x00000000e1000000|100%| O|  |TAMS 0x00000000e1000000, 0x00000000e0f00000| Updating 
|  16|0x00000000e1000000, 0x00000000e1100000, 0x00000000e1100000|100%| O|  |TAMS 0x00000000e1100000, 0x00000000e1000000| Updating 
|  17|0x00000000e1100000, 0x00000000e1200000, 0x00000000e1200000|100%| O|  |TAMS 0x00000000e1200000, 0x00000000e1100000| Updating 
|  18|0x00000000e1200000, 0x00000000e1300000, 0x00000000e1300000|100%|HS|  |TAMS 0x00000000e1300000, 0x00000000e1200000| Complete 
|  19|0x00000000e1300000, 0x00000000e1400000, 0x00000000e1400000|100%|HC|  |TAMS 0x00000000e1400000, 0x00000000e1300000| Complete 
|  20|0x00000000e1400000, 0x00000000e1500000, 0x00000000e1500000|100%|HC|  |TAMS 0x00000000e1500000, 0x00000000e1400000| Complete 
|  21|0x00000000e1500000, 0x00000000e1600000, 0x00000000e1600000|100%|HS|  |TAMS 0x00000000e1600000, 0x00000000e1500000| Complete 
|  22|0x00000000e1600000, 0x00000000e1700000, 0x00000000e1700000|100%|HC|  |TAMS 0x00000000e1700000, 0x00000000e1600000| Complete 
|  23|0x00000000e1700000, 0x00000000e1800000, 0x00000000e1800000|100%| O|  |TAMS 0x00000000e1800000, 0x00000000e1700000| Updating 
|  24|0x00000000e1800000, 0x00000000e1900000, 0x00000000e1900000|100%| O|  |TAMS 0x00000000e1900000, 0x00000000e1800000| Updating 
|  25|0x00000000e1900000, 0x00000000e1a00000, 0x00000000e1a00000|100%| O|  |TAMS 0x00000000e1a00000, 0x00000000e1900000| Updating 
|  26|0x00000000e1a00000, 0x00000000e1b00000, 0x00000000e1b00000|100%| O|  |TAMS 0x00000000e1b00000, 0x00000000e1a00000| Updating 
|  27|0x00000000e1b00000, 0x00000000e1c00000, 0x00000000e1c00000|100%| O|  |TAMS 0x00000000e1c00000, 0x00000000e1b00000| Updating 
|  28|0x00000000e1c00000, 0x00000000e1d00000, 0x00000000e1d00000|100%| O|  |TAMS 0x00000000e1d00000, 0x00000000e1c00000| Updating 
|  29|0x00000000e1d00000, 0x00000000e1e00000, 0x00000000e1e00000|100%| O|  |TAMS 0x00000000e1e00000, 0x00000000e1d00000| Updating 
|  30|0x00000000e1e00000, 0x00000000e1f00000, 0x00000000e1f00000|100%| O|  |TAMS 0x00000000e1f00000, 0x00000000e1e00000| Updating 
|  31|0x00000000e1f00000, 0x00000000e2000000, 0x00000000e2000000|100%| O|  |TAMS 0x00000000e2000000, 0x00000000e1f00000| Updating 
|  32|0x00000000e2000000, 0x00000000e2100000, 0x00000000e2100000|100%| O|  |TAMS 0x00000000e2100000, 0x00000000e2000000| Updating 
|  33|0x00000000e2100000, 0x00000000e2200000, 0x00000000e2200000|100%| O|  |TAMS 0x00000000e2200000, 0x00000000e2100000| Updating 
|  34|0x00000000e2200000, 0x00000000e2300000, 0x00000000e2300000|100%| O|  |TAMS 0x00000000e2300000, 0x00000000e2200000| Updating 
|  35|0x00000000e2300000, 0x00000000e2400000, 0x00000000e2400000|100%| O|  |TAMS 0x00000000e2400000, 0x00000000e2300000| Updating 
|  36|0x00000000e2400000, 0x00000000e2500000, 0x00000000e2500000|100%| O|  |TAMS 0x00000000e2500000, 0x00000000e2400000| Updating 
|  37|0x00000000e2500000, 0x00000000e2600000, 0x00000000e2600000|100%| O|  |TAMS 0x00000000e2600000, 0x00000000e2500000| Updating 
|  38|0x00000000e2600000, 0x00000000e2700000, 0x00000000e2700000|100%| O|  |TAMS 0x00000000e2700000, 0x00000000e2600000| Updating 
|  39|0x00000000e2700000, 0x00000000e2800000, 0x00000000e2800000|100%|HS|  |TAMS 0x00000000e2800000, 0x00000000e2700000| Complete 
|  40|0x00000000e2800000, 0x00000000e2900000, 0x00000000e2900000|100%|HC|  |TAMS 0x00000000e2900000, 0x00000000e2800000| Complete 
|  41|0x00000000e2900000, 0x00000000e2a00000, 0x00000000e2a00000|100%|HC|  |TAMS 0x00000000e2a00000, 0x00000000e2900000| Complete 
|  42|0x00000000e2a00000, 0x00000000e2b00000, 0x00000000e2b00000|100%| O|  |TAMS 0x00000000e2b00000, 0x00000000e2a00000| Updating 
|  43|0x00000000e2b00000, 0x00000000e2c00000, 0x00000000e2c00000|100%| O|  |TAMS 0x00000000e2c00000, 0x00000000e2b00000| Updating 
|  44|0x00000000e2c00000, 0x00000000e2d00000, 0x00000000e2d00000|100%| O|  |TAMS 0x00000000e2d00000, 0x00000000e2c00000| Updating 
|  45|0x00000000e2d00000, 0x00000000e2e00000, 0x00000000e2e00000|100%| O|  |TAMS 0x00000000e2e00000, 0x00000000e2d00000| Updating 
|  46|0x00000000e2e00000, 0x00000000e2f00000, 0x00000000e2f00000|100%| O|  |TAMS 0x00000000e2f00000, 0x00000000e2e00000| Updating 
|  47|0x00000000e2f00000, 0x00000000e3000000, 0x00000000e3000000|100%| O|  |TAMS 0x00000000e3000000, 0x00000000e2f00000| Updating 
|  48|0x00000000e3000000, 0x00000000e3100000, 0x00000000e3100000|100%| O|  |TAMS 0x00000000e3100000, 0x00000000e3000000| Updating 
|  49|0x00000000e3100000, 0x00000000e3200000, 0x00000000e3200000|100%| O|  |TAMS 0x00000000e3200000, 0x00000000e3100000| Updating 
|  50|0x00000000e3200000, 0x00000000e3300000, 0x00000000e3300000|100%| O|  |TAMS 0x00000000e3300000, 0x00000000e3200000| Updating 
|  51|0x00000000e3300000, 0x00000000e3400000, 0x00000000e3400000|100%| O|  |TAMS 0x00000000e3400000, 0x00000000e3300000| Updating 
|  52|0x00000000e3400000, 0x00000000e3500000, 0x00000000e3500000|100%| O|  |TAMS 0x00000000e3500000, 0x00000000e3400000| Updating 
|  53|0x00000000e3500000, 0x00000000e3600000, 0x00000000e3600000|100%| O|  |TAMS 0x00000000e3600000, 0x00000000e3500000| Updating 
|  54|0x00000000e3600000, 0x00000000e3700000, 0x00000000e3700000|100%| O|  |TAMS 0x00000000e3700000, 0x00000000e3600000| Updating 
|  55|0x00000000e3700000, 0x00000000e3800000, 0x00000000e3800000|100%| O|  |TAMS 0x00000000e3800000, 0x00000000e3700000| Updating 
|  56|0x00000000e3800000, 0x00000000e3900000, 0x00000000e3900000|100%| O|  |TAMS 0x00000000e3900000, 0x00000000e3800000| Updating 
|  57|0x00000000e3900000, 0x00000000e3a00000, 0x00000000e3a00000|100%| O|  |TAMS 0x00000000e3a00000, 0x00000000e3900000| Updating 
|  58|0x00000000e3a00000, 0x00000000e3b00000, 0x00000000e3b00000|100%| O|  |TAMS 0x00000000e3b00000, 0x00000000e3a00000| Updating 
|  59|0x00000000e3b00000, 0x00000000e3c00000, 0x00000000e3c00000|100%| O|  |TAMS 0x00000000e3c00000, 0x00000000e3b00000| Updating 
|  60|0x00000000e3c00000, 0x00000000e3d00000, 0x00000000e3d00000|100%| O|  |TAMS 0x00000000e3d00000, 0x00000000e3c00000| Updating 
|  61|0x00000000e3d00000, 0x00000000e3e00000, 0x00000000e3e00000|100%| O|  |TAMS 0x00000000e3e00000, 0x00000000e3d00000| Updating 
|  62|0x00000000e3e00000, 0x00000000e3f00000, 0x00000000e3f00000|100%| O|  |TAMS 0x00000000e3f00000, 0x00000000e3e00000| Updating 
|  63|0x00000000e3f00000, 0x00000000e4000000, 0x00000000e4000000|100%| O|  |TAMS 0x00000000e4000000, 0x00000000e3f00000| Updating 
|  64|0x00000000e4000000, 0x00000000e4100000, 0x00000000e4100000|100%| O|  |TAMS 0x00000000e4100000, 0x00000000e4000000| Updating 
|  65|0x00000000e4100000, 0x00000000e4200000, 0x00000000e4200000|100%| O|  |TAMS 0x00000000e4200000, 0x00000000e4100000| Updating 
|  66|0x00000000e4200000, 0x00000000e4300000, 0x00000000e4300000|100%| O|  |TAMS 0x00000000e4300000, 0x00000000e4200000| Updating 
|  67|0x00000000e4300000, 0x00000000e4400000, 0x00000000e4400000|100%| O|  |TAMS 0x00000000e4400000, 0x00000000e4300000| Updating 
|  68|0x00000000e4400000, 0x00000000e4500000, 0x00000000e4500000|100%| O|  |TAMS 0x00000000e4500000, 0x00000000e4400000| Updating 
|  69|0x00000000e4500000, 0x00000000e4600000, 0x00000000e4600000|100%| O|  |TAMS 0x00000000e4600000, 0x00000000e4500000| Updating 
|  70|0x00000000e4600000, 0x00000000e4700000, 0x00000000e4700000|100%| O|  |TAMS 0x00000000e4700000, 0x00000000e4600000| Updating 
|  71|0x00000000e4700000, 0x00000000e4800000, 0x00000000e4800000|100%| O|  |TAMS 0x00000000e4800000, 0x00000000e4700000| Updating 
|  72|0x00000000e4800000, 0x00000000e4900000, 0x00000000e4900000|100%| O|  |TAMS 0x00000000e4900000, 0x00000000e4800000| Updating 
|  73|0x00000000e4900000, 0x00000000e4a00000, 0x00000000e4a00000|100%| O|  |TAMS 0x00000000e4a00000, 0x00000000e4900000| Updating 
|  74|0x00000000e4a00000, 0x00000000e4b00000, 0x00000000e4b00000|100%| O|  |TAMS 0x00000000e4b00000, 0x00000000e4a00000| Updating 
|  75|0x00000000e4b00000, 0x00000000e4c00000, 0x00000000e4c00000|100%| O|  |TAMS 0x00000000e4c00000, 0x00000000e4b00000| Updating 
|  76|0x00000000e4c00000, 0x00000000e4d00000, 0x00000000e4d00000|100%| O|  |TAMS 0x00000000e4d00000, 0x00000000e4c00000| Updating 
|  77|0x00000000e4d00000, 0x00000000e4e00000, 0x00000000e4e00000|100%| O|  |TAMS 0x00000000e4e00000, 0x00000000e4d00000| Updating 
|  78|0x00000000e4e00000, 0x00000000e4f00000, 0x00000000e4f00000|100%| O|  |TAMS 0x00000000e4f00000, 0x00000000e4e00000| Updating 
|  79|0x00000000e4f00000, 0x00000000e5000000, 0x00000000e5000000|100%| O|  |TAMS 0x00000000e5000000, 0x00000000e4f00000| Updating 
|  80|0x00000000e5000000, 0x00000000e5000000, 0x00000000e5100000|  0%| F|  |TAMS 0x00000000e5000000, 0x00000000e5000000| Untracked 
|  81|0x00000000e5100000, 0x00000000e5200000, 0x00000000e5200000|100%| O|  |TAMS 0x00000000e5200000, 0x00000000e5100000| Updating 
|  82|0x00000000e5200000, 0x00000000e5300000, 0x00000000e5300000|100%| O|  |TAMS 0x00000000e5300000, 0x00000000e5200000| Updating 
|  83|0x00000000e5300000, 0x00000000e5400000, 0x00000000e5400000|100%| O|  |TAMS 0x00000000e5400000, 0x00000000e5300000| Updating 
|  84|0x00000000e5400000, 0x00000000e5500000, 0x00000000e5500000|100%| O|  |TAMS 0x00000000e5500000, 0x00000000e5400000| Updating 
|  85|0x00000000e5500000, 0x00000000e5600000, 0x00000000e5600000|100%| O|  |TAMS 0x00000000e5600000, 0x00000000e5500000| Updating 
|  86|0x00000000e5600000, 0x00000000e5700000, 0x00000000e5700000|100%| O|  |TAMS 0x00000000e5700000, 0x00000000e5600000| Updating 
|  87|0x00000000e5700000, 0x00000000e5800000, 0x00000000e5800000|100%| O|  |TAMS 0x00000000e5800000, 0x00000000e5700000| Updating 
|  88|0x00000000e5800000, 0x00000000e5900000, 0x00000000e5900000|100%| O|  |TAMS 0x00000000e5900000, 0x00000000e5800000| Updating 
|  89|0x00000000e5900000, 0x00000000e5a00000, 0x00000000e5a00000|100%| O|  |TAMS 0x00000000e5a00000, 0x00000000e5900000| Updating 
|  90|0x00000000e5a00000, 0x00000000e5b00000, 0x00000000e5b00000|100%| O|  |TAMS 0x00000000e5b00000, 0x00000000e5a00000| Updating 
|  91|0x00000000e5b00000, 0x00000000e5c00000, 0x00000000e5c00000|100%| O|  |TAMS 0x00000000e5c00000, 0x00000000e5b00000| Updating 
|  92|0x00000000e5c00000, 0x00000000e5d00000, 0x00000000e5d00000|100%| O|  |TAMS 0x00000000e5d00000, 0x00000000e5c00000| Updating 
|  93|0x00000000e5d00000, 0x00000000e5e00000, 0x00000000e5e00000|100%| O|  |TAMS 0x00000000e5e00000, 0x00000000e5d00000| Updating 
|  94|0x00000000e5e00000, 0x00000000e5f00000, 0x00000000e5f00000|100%| O|  |TAMS 0x00000000e5f00000, 0x00000000e5e00000| Updating 
|  95|0x00000000e5f00000, 0x00000000e6000000, 0x00000000e6000000|100%| O|  |TAMS 0x00000000e6000000, 0x00000000e5f00000| Updating 
|  96|0x00000000e6000000, 0x00000000e6100000, 0x00000000e6100000|100%| O|  |TAMS 0x00000000e6100000, 0x00000000e6000000| Updating 
|  97|0x00000000e6100000, 0x00000000e6200000, 0x00000000e6200000|100%| O|  |TAMS 0x00000000e6200000, 0x00000000e6100000| Updating 
|  98|0x00000000e6200000, 0x00000000e6300000, 0x00000000e6300000|100%| O|  |TAMS 0x00000000e6300000, 0x00000000e6200000| Updating 
|  99|0x00000000e6300000, 0x00000000e6400000, 0x00000000e6400000|100%| O|  |TAMS 0x00000000e6400000, 0x00000000e6300000| Updating 
| 100|0x00000000e6400000, 0x00000000e6500000, 0x00000000e6500000|100%| O|  |TAMS 0x00000000e6500000, 0x00000000e6400000| Updating 
| 101|0x00000000e6500000, 0x00000000e6600000, 0x00000000e6600000|100%| O|  |TAMS 0x00000000e6600000, 0x00000000e6500000| Updating 
| 102|0x00000000e6600000, 0x00000000e6700000, 0x00000000e6700000|100%| O|  |TAMS 0x00000000e6700000, 0x00000000e6600000| Updating 
| 103|0x00000000e6700000, 0x00000000e6800000, 0x00000000e6800000|100%| O|  |TAMS 0x00000000e6800000, 0x00000000e6700000| Updating 
| 104|0x00000000e6800000, 0x00000000e6900000, 0x00000000e6900000|100%| O|  |TAMS 0x00000000e6900000, 0x00000000e6800000| Updating 
| 105|0x00000000e6900000, 0x00000000e6a00000, 0x00000000e6a00000|100%| O|  |TAMS 0x00000000e6a00000, 0x00000000e6900000| Updating 
| 106|0x00000000e6a00000, 0x00000000e6b00000, 0x00000000e6b00000|100%| O|  |TAMS 0x00000000e6b00000, 0x00000000e6a00000| Updating 
| 107|0x00000000e6b00000, 0x00000000e6c00000, 0x00000000e6c00000|100%| O|  |TAMS 0x00000000e6c00000, 0x00000000e6b00000| Updating 
| 108|0x00000000e6c00000, 0x00000000e6d00000, 0x00000000e6d00000|100%| O|  |TAMS 0x00000000e6d00000, 0x00000000e6c00000| Updating 
| 109|0x00000000e6d00000, 0x00000000e6e00000, 0x00000000e6e00000|100%| O|  |TAMS 0x00000000e6e00000, 0x00000000e6d00000| Updating 
| 110|0x00000000e6e00000, 0x00000000e6f00000, 0x00000000e6f00000|100%| O|  |TAMS 0x00000000e6f00000, 0x00000000e6e00000| Updating 
| 111|0x00000000e6f00000, 0x00000000e7000000, 0x00000000e7000000|100%| O|  |TAMS 0x00000000e7000000, 0x00000000e6f00000| Updating 
| 112|0x00000000e7000000, 0x00000000e7100000, 0x00000000e7100000|100%| O|  |TAMS 0x00000000e7100000, 0x00000000e7000000| Updating 
| 113|0x00000000e7100000, 0x00000000e7200000, 0x00000000e7200000|100%| O|  |TAMS 0x00000000e7200000, 0x00000000e7100000| Updating 
| 114|0x00000000e7200000, 0x00000000e7300000, 0x00000000e7300000|100%| O|  |TAMS 0x00000000e7300000, 0x00000000e7200000| Updating 
| 115|0x00000000e7300000, 0x00000000e7400000, 0x00000000e7400000|100%| O|  |TAMS 0x00000000e7400000, 0x00000000e7300000| Updating 
| 116|0x00000000e7400000, 0x00000000e7500000, 0x00000000e7500000|100%|HS|  |TAMS 0x00000000e7500000, 0x00000000e7400000| Complete 
| 117|0x00000000e7500000, 0x00000000e7600000, 0x00000000e7600000|100%|HC|  |TAMS 0x00000000e7600000, 0x00000000e7500000| Complete 
| 118|0x00000000e7600000, 0x00000000e7700000, 0x00000000e7700000|100%|HC|  |TAMS 0x00000000e7700000, 0x00000000e7600000| Complete 
| 119|0x00000000e7700000, 0x00000000e7800000, 0x00000000e7800000|100%|HC|  |TAMS 0x00000000e7800000, 0x00000000e7700000| Complete 
| 120|0x00000000e7800000, 0x00000000e7900000, 0x00000000e7900000|100%|HC|  |TAMS 0x00000000e7900000, 0x00000000e7800000| Complete 
| 121|0x00000000e7900000, 0x00000000e7a00000, 0x00000000e7a00000|100%|HS|  |TAMS 0x00000000e7a00000, 0x00000000e7900000| Complete 
| 122|0x00000000e7a00000, 0x00000000e7b00000, 0x00000000e7b00000|100%|HS|  |TAMS 0x00000000e7b00000, 0x00000000e7a00000| Complete 
| 123|0x00000000e7b00000, 0x00000000e7c00000, 0x00000000e7c00000|100%| O|  |TAMS 0x00000000e7c00000, 0x00000000e7b00000| Updating 
| 124|0x00000000e7c00000, 0x00000000e7d00000, 0x00000000e7d00000|100%| O|  |TAMS 0x00000000e7d00000, 0x00000000e7c00000| Updating 
| 125|0x00000000e7d00000, 0x00000000e7e00000, 0x00000000e7e00000|100%| O|  |TAMS 0x00000000e7e00000, 0x00000000e7d00000| Updating 
| 126|0x00000000e7e00000, 0x00000000e7f00000, 0x00000000e7f00000|100%| O|  |TAMS 0x00000000e7f00000, 0x00000000e7e00000| Updating 
| 127|0x00000000e7f00000, 0x00000000e8000000, 0x00000000e8000000|100%| O|  |TAMS 0x00000000e8000000, 0x00000000e7f00000| Updating 
| 128|0x00000000e8000000, 0x00000000e8100000, 0x00000000e8100000|100%| O|  |TAMS 0x00000000e8100000, 0x00000000e8000000| Updating 
| 129|0x00000000e8100000, 0x00000000e8200000, 0x00000000e8200000|100%| O|  |TAMS 0x00000000e8200000, 0x00000000e8100000| Updating 
| 130|0x00000000e8200000, 0x00000000e8300000, 0x00000000e8300000|100%| O|  |TAMS 0x00000000e8300000, 0x00000000e8200000| Updating 
| 131|0x00000000e8300000, 0x00000000e8400000, 0x00000000e8400000|100%| O|  |TAMS 0x00000000e8400000, 0x00000000e8300000| Updating 
| 132|0x00000000e8400000, 0x00000000e8500000, 0x00000000e8500000|100%| O|  |TAMS 0x00000000e8500000, 0x00000000e8400000| Updating 
| 133|0x00000000e8500000, 0x00000000e8600000, 0x00000000e8600000|100%| O|  |TAMS 0x00000000e8600000, 0x00000000e8500000| Updating 
| 134|0x00000000e8600000, 0x00000000e8700000, 0x00000000e8700000|100%| O|  |TAMS 0x00000000e8700000, 0x00000000e8600000| Updating 
| 135|0x00000000e8700000, 0x00000000e8800000, 0x00000000e8800000|100%| O|  |TAMS 0x00000000e8800000, 0x00000000e8700000| Updating 
| 136|0x00000000e8800000, 0x00000000e8900000, 0x00000000e8900000|100%| O|  |TAMS 0x00000000e8900000, 0x00000000e8800000| Updating 
| 137|0x00000000e8900000, 0x00000000e8a00000, 0x00000000e8a00000|100%| O|  |TAMS 0x00000000e8a00000, 0x00000000e8900000| Updating 
| 138|0x00000000e8a00000, 0x00000000e8b00000, 0x00000000e8b00000|100%| O|  |TAMS 0x00000000e8b00000, 0x00000000e8a00000| Updating 
| 139|0x00000000e8b00000, 0x00000000e8c00000, 0x00000000e8c00000|100%| O|  |TAMS 0x00000000e8c00000, 0x00000000e8b00000| Updating 
| 140|0x00000000e8c00000, 0x00000000e8d00000, 0x00000000e8d00000|100%| O|  |TAMS 0x00000000e8d00000, 0x00000000e8c00000| Updating 
| 141|0x00000000e8d00000, 0x00000000e8e00000, 0x00000000e8e00000|100%| O|  |TAMS 0x00000000e8e00000, 0x00000000e8d00000| Updating 
| 142|0x00000000e8e00000, 0x00000000e8f00000, 0x00000000e8f00000|100%| O|  |TAMS 0x00000000e8f00000, 0x00000000e8e00000| Updating 
| 143|0x00000000e8f00000, 0x00000000e9000000, 0x00000000e9000000|100%| O|  |TAMS 0x00000000e9000000, 0x00000000e8f00000| Updating 
| 144|0x00000000e9000000, 0x00000000e9100000, 0x00000000e9100000|100%| O|  |TAMS 0x00000000e9100000, 0x00000000e9000000| Updating 
| 145|0x00000000e9100000, 0x00000000e9200000, 0x00000000e9200000|100%| O|  |TAMS 0x00000000e9200000, 0x00000000e9100000| Updating 
| 146|0x00000000e9200000, 0x00000000e9300000, 0x00000000e9300000|100%| O|  |TAMS 0x00000000e9300000, 0x00000000e9200000| Updating 
| 147|0x00000000e9300000, 0x00000000e9400000, 0x00000000e9400000|100%| O|  |TAMS 0x00000000e9400000, 0x00000000e9300000| Updating 
| 148|0x00000000e9400000, 0x00000000e9500000, 0x00000000e9500000|100%| O|  |TAMS 0x00000000e9500000, 0x00000000e9400000| Updating 
| 149|0x00000000e9500000, 0x00000000e9600000, 0x00000000e9600000|100%| O|  |TAMS 0x00000000e9600000, 0x00000000e9500000| Updating 
| 150|0x00000000e9600000, 0x00000000e9700000, 0x00000000e9700000|100%| O|  |TAMS 0x00000000e9700000, 0x00000000e9600000| Updating 
| 151|0x00000000e9700000, 0x00000000e9800000, 0x00000000e9800000|100%| O|  |TAMS 0x00000000e9800000, 0x00000000e9700000| Updating 
| 152|0x00000000e9800000, 0x00000000e9800000, 0x00000000e9900000|  0%| F|  |TAMS 0x00000000e9800000, 0x00000000e9800000| Untracked 
| 153|0x00000000e9900000, 0x00000000e9a00000, 0x00000000e9a00000|100%|HS|  |TAMS 0x00000000e9a00000, 0x00000000e9900000| Complete 
| 154|0x00000000e9a00000, 0x00000000e9b00000, 0x00000000e9b00000|100%|HC|  |TAMS 0x00000000e9b00000, 0x00000000e9a00000| Complete 
| 155|0x00000000e9b00000, 0x00000000e9c00000, 0x00000000e9c00000|100%|HS|  |TAMS 0x00000000e9c00000, 0x00000000e9b00000| Complete 
| 156|0x00000000e9c00000, 0x00000000e9d00000, 0x00000000e9d00000|100%|HS|  |TAMS 0x00000000e9d00000, 0x00000000e9c00000| Complete 
| 157|0x00000000e9d00000, 0x00000000e9e00000, 0x00000000e9e00000|100%|HS|  |TAMS 0x00000000e9e00000, 0x00000000e9d00000| Complete 
| 158|0x00000000e9e00000, 0x00000000e9f00000, 0x00000000e9f00000|100%|HS|  |TAMS 0x00000000e9f00000, 0x00000000e9e00000| Complete 
| 159|0x00000000e9f00000, 0x00000000ea000000, 0x00000000ea000000|100%|HS|  |TAMS 0x00000000e9f00000, 0x00000000e9f00000| Complete 
| 160|0x00000000ea000000, 0x00000000ea100000, 0x00000000ea100000|100%|HS|  |TAMS 0x00000000ea000000, 0x00000000ea000000| Complete 
| 161|0x00000000ea100000, 0x00000000ea100000, 0x00000000ea200000|  0%| F|  |TAMS 0x00000000ea100000, 0x00000000ea100000| Untracked 
| 162|0x00000000ea200000, 0x00000000ea200000, 0x00000000ea300000|  0%| F|  |TAMS 0x00000000ea200000, 0x00000000ea200000| Untracked 
| 163|0x00000000ea300000, 0x00000000ea300000, 0x00000000ea400000|  0%| F|  |TAMS 0x00000000ea300000, 0x00000000ea300000| Untracked 
| 164|0x00000000ea400000, 0x00000000ea400000, 0x00000000ea500000|  0%| F|  |TAMS 0x00000000ea400000, 0x00000000ea400000| Untracked 
| 165|0x00000000ea500000, 0x00000000ea600000, 0x00000000ea600000|100%| O|  |TAMS 0x00000000ea600000, 0x00000000ea500000| Updating 
| 166|0x00000000ea600000, 0x00000000ea700000, 0x00000000ea700000|100%| O|  |TAMS 0x00000000ea700000, 0x00000000ea600000| Updating 
| 167|0x00000000ea700000, 0x00000000ea800000, 0x00000000ea800000|100%| O|  |TAMS 0x00000000ea800000, 0x00000000ea700000| Updating 
| 168|0x00000000ea800000, 0x00000000ea840200, 0x00000000ea900000| 25%| O|  |TAMS 0x00000000ea840200, 0x00000000ea800000| Updating 
| 169|0x00000000ea900000, 0x00000000eaa00000, 0x00000000eaa00000|100%|HS|  |TAMS 0x00000000ea900000, 0x00000000ea900000| Complete 
| 170|0x00000000eaa00000, 0x00000000eab00000, 0x00000000eab00000|100%|HC|  |TAMS 0x00000000eaa00000, 0x00000000eaa00000| Complete 
| 171|0x00000000eab00000, 0x00000000eac00000, 0x00000000eac00000|100%|HC|  |TAMS 0x00000000eab00000, 0x00000000eab00000| Complete 
| 172|0x00000000eac00000, 0x00000000ead00000, 0x00000000ead00000|100%|HC|  |TAMS 0x00000000eac00000, 0x00000000eac00000| Complete 
| 173|0x00000000ead00000, 0x00000000eae00000, 0x00000000eae00000|100%|HC|  |TAMS 0x00000000ead00000, 0x00000000ead00000| Complete 
| 174|0x00000000eae00000, 0x00000000eaf00000, 0x00000000eaf00000|100%|HC|  |TAMS 0x00000000eae00000, 0x00000000eae00000| Complete 
| 175|0x00000000eaf00000, 0x00000000eaf00000, 0x00000000eb000000|  0%| F|  |TAMS 0x00000000eaf00000, 0x00000000eaf00000| Untracked 
| 176|0x00000000eb000000, 0x00000000eb000000, 0x00000000eb100000|  0%| F|  |TAMS 0x00000000eb000000, 0x00000000eb000000| Untracked 
| 177|0x00000000eb100000, 0x00000000eb100000, 0x00000000eb200000|  0%| F|  |TAMS 0x00000000eb100000, 0x00000000eb100000| Untracked 
| 178|0x00000000eb200000, 0x00000000eb200000, 0x00000000eb300000|  0%| F|  |TAMS 0x00000000eb200000, 0x00000000eb200000| Untracked 
| 179|0x00000000eb300000, 0x00000000eb300000, 0x00000000eb400000|  0%| F|  |TAMS 0x00000000eb300000, 0x00000000eb300000| Untracked 
| 180|0x00000000eb400000, 0x00000000eb400000, 0x00000000eb500000|  0%| F|  |TAMS 0x00000000eb400000, 0x00000000eb400000| Untracked 
| 181|0x00000000eb500000, 0x00000000eb500000, 0x00000000eb600000|  0%| F|  |TAMS 0x00000000eb500000, 0x00000000eb500000| Untracked 
| 182|0x00000000eb600000, 0x00000000eb600000, 0x00000000eb700000|  0%| F|  |TAMS 0x00000000eb600000, 0x00000000eb600000| Untracked 
| 183|0x00000000eb700000, 0x00000000eb700000, 0x00000000eb800000|  0%| F|  |TAMS 0x00000000eb700000, 0x00000000eb700000| Untracked 
| 184|0x00000000eb800000, 0x00000000eb800000, 0x00000000eb900000|  0%| F|  |TAMS 0x00000000eb800000, 0x00000000eb800000| Untracked 
| 185|0x00000000eb900000, 0x00000000eb900000, 0x00000000eba00000|  0%| F|  |TAMS 0x00000000eb900000, 0x00000000eb900000| Untracked 
| 186|0x00000000eba00000, 0x00000000eba00000, 0x00000000ebb00000|  0%| F|  |TAMS 0x00000000eba00000, 0x00000000eba00000| Untracked 
| 187|0x00000000ebb00000, 0x00000000ebb00000, 0x00000000ebc00000|  0%| F|  |TAMS 0x00000000ebb00000, 0x00000000ebb00000| Untracked 
| 188|0x00000000ebc00000, 0x00000000ebc00000, 0x00000000ebd00000|  0%| F|  |TAMS 0x00000000ebc00000, 0x00000000ebc00000| Untracked 
| 189|0x00000000ebd00000, 0x00000000ebd00000, 0x00000000ebe00000|  0%| F|  |TAMS 0x00000000ebd00000, 0x00000000ebd00000| Untracked 
| 190|0x00000000ebe00000, 0x00000000ebe00000, 0x00000000ebf00000|  0%| F|  |TAMS 0x00000000ebe00000, 0x00000000ebe00000| Untracked 
| 191|0x00000000ebf00000, 0x00000000ebf00000, 0x00000000ec000000|  0%| F|  |TAMS 0x00000000ebf00000, 0x00000000ebf00000| Untracked 
| 192|0x00000000ec000000, 0x00000000ec000000, 0x00000000ec100000|  0%| F|  |TAMS 0x00000000ec000000, 0x00000000ec000000| Untracked 
| 193|0x00000000ec100000, 0x00000000ec100000, 0x00000000ec200000|  0%| F|  |TAMS 0x00000000ec100000, 0x00000000ec100000| Untracked 
| 194|0x00000000ec200000, 0x00000000ec200000, 0x00000000ec300000|  0%| F|  |TAMS 0x00000000ec200000, 0x00000000ec200000| Untracked 
| 195|0x00000000ec300000, 0x00000000ec300000, 0x00000000ec400000|  0%| F|  |TAMS 0x00000000ec300000, 0x00000000ec300000| Untracked 
| 196|0x00000000ec400000, 0x00000000ec400000, 0x00000000ec500000|  0%| F|  |TAMS 0x00000000ec400000, 0x00000000ec400000| Untracked 
| 197|0x00000000ec500000, 0x00000000ec500000, 0x00000000ec600000|  0%| F|  |TAMS 0x00000000ec500000, 0x00000000ec500000| Untracked 
| 198|0x00000000ec600000, 0x00000000ec600000, 0x00000000ec700000|  0%| F|  |TAMS 0x00000000ec600000, 0x00000000ec600000| Untracked 
| 199|0x00000000ec700000, 0x00000000ec700000, 0x00000000ec800000|  0%| F|  |TAMS 0x00000000ec700000, 0x00000000ec700000| Untracked 
| 200|0x00000000ec800000, 0x00000000ec800000, 0x00000000ec900000|  0%| F|  |TAMS 0x00000000ec800000, 0x00000000ec800000| Untracked 
| 201|0x00000000ec900000, 0x00000000ec900000, 0x00000000eca00000|  0%| F|  |TAMS 0x00000000ec900000, 0x00000000ec900000| Untracked 
| 202|0x00000000eca00000, 0x00000000eca00000, 0x00000000ecb00000|  0%| F|  |TAMS 0x00000000eca00000, 0x00000000eca00000| Untracked 
| 203|0x00000000ecb00000, 0x00000000ecb00000, 0x00000000ecc00000|  0%| F|  |TAMS 0x00000000ecb00000, 0x00000000ecb00000| Untracked 
| 204|0x00000000ecc00000, 0x00000000ecc00000, 0x00000000ecd00000|  0%| F|  |TAMS 0x00000000ecc00000, 0x00000000ecc00000| Untracked 
| 205|0x00000000ecd00000, 0x00000000ecd00000, 0x00000000ece00000|  0%| F|  |TAMS 0x00000000ecd00000, 0x00000000ecd00000| Untracked 
| 206|0x00000000ece00000, 0x00000000ece00000, 0x00000000ecf00000|  0%| F|  |TAMS 0x00000000ece00000, 0x00000000ece00000| Untracked 
| 207|0x00000000ecf00000, 0x00000000ecf00000, 0x00000000ed000000|  0%| F|  |TAMS 0x00000000ecf00000, 0x00000000ecf00000| Untracked 
| 208|0x00000000ed000000, 0x00000000ed000000, 0x00000000ed100000|  0%| F|  |TAMS 0x00000000ed000000, 0x00000000ed000000| Untracked 
| 209|0x00000000ed100000, 0x00000000ed100000, 0x00000000ed200000|  0%| F|  |TAMS 0x00000000ed100000, 0x00000000ed100000| Untracked 
| 210|0x00000000ed200000, 0x00000000ed200000, 0x00000000ed300000|  0%| F|  |TAMS 0x00000000ed200000, 0x00000000ed200000| Untracked 
| 211|0x00000000ed300000, 0x00000000ed300000, 0x00000000ed400000|  0%| F|  |TAMS 0x00000000ed300000, 0x00000000ed300000| Untracked 
| 212|0x00000000ed400000, 0x00000000ed400000, 0x00000000ed500000|  0%| F|  |TAMS 0x00000000ed400000, 0x00000000ed400000| Untracked 
| 213|0x00000000ed500000, 0x00000000ed500000, 0x00000000ed600000|  0%| F|  |TAMS 0x00000000ed500000, 0x00000000ed500000| Untracked 
| 214|0x00000000ed600000, 0x00000000ed600000, 0x00000000ed700000|  0%| F|  |TAMS 0x00000000ed600000, 0x00000000ed600000| Untracked 
| 215|0x00000000ed700000, 0x00000000ed700000, 0x00000000ed800000|  0%| F|  |TAMS 0x00000000ed700000, 0x00000000ed700000| Untracked 
| 216|0x00000000ed800000, 0x00000000ed800000, 0x00000000ed900000|  0%| F|  |TAMS 0x00000000ed800000, 0x00000000ed800000| Untracked 
| 217|0x00000000ed900000, 0x00000000ed900000, 0x00000000eda00000|  0%| F|  |TAMS 0x00000000ed900000, 0x00000000ed900000| Untracked 
| 218|0x00000000eda00000, 0x00000000eda00000, 0x00000000edb00000|  0%| F|  |TAMS 0x00000000eda00000, 0x00000000eda00000| Untracked 
| 219|0x00000000edb00000, 0x00000000edb00000, 0x00000000edc00000|  0%| F|  |TAMS 0x00000000edb00000, 0x00000000edb00000| Untracked 
| 220|0x00000000edc00000, 0x00000000edc00000, 0x00000000edd00000|  0%| F|  |TAMS 0x00000000edc00000, 0x00000000edc00000| Untracked 
| 221|0x00000000edd00000, 0x00000000edd00000, 0x00000000ede00000|  0%| F|  |TAMS 0x00000000edd00000, 0x00000000edd00000| Untracked 
| 222|0x00000000ede00000, 0x00000000ede00000, 0x00000000edf00000|  0%| F|  |TAMS 0x00000000ede00000, 0x00000000ede00000| Untracked 
| 223|0x00000000edf00000, 0x00000000edf00000, 0x00000000ee000000|  0%| F|  |TAMS 0x00000000edf00000, 0x00000000edf00000| Untracked 
| 224|0x00000000ee000000, 0x00000000ee000000, 0x00000000ee100000|  0%| F|  |TAMS 0x00000000ee000000, 0x00000000ee000000| Untracked 
| 225|0x00000000ee100000, 0x00000000ee100000, 0x00000000ee200000|  0%| F|  |TAMS 0x00000000ee100000, 0x00000000ee100000| Untracked 
| 226|0x00000000ee200000, 0x00000000ee200000, 0x00000000ee300000|  0%| F|  |TAMS 0x00000000ee200000, 0x00000000ee200000| Untracked 
| 227|0x00000000ee300000, 0x00000000ee300000, 0x00000000ee400000|  0%| F|  |TAMS 0x00000000ee300000, 0x00000000ee300000| Untracked 
| 228|0x00000000ee400000, 0x00000000ee400000, 0x00000000ee500000|  0%| F|  |TAMS 0x00000000ee400000, 0x00000000ee400000| Untracked 
| 229|0x00000000ee500000, 0x00000000ee500000, 0x00000000ee600000|  0%| F|  |TAMS 0x00000000ee500000, 0x00000000ee500000| Untracked 
| 230|0x00000000ee600000, 0x00000000ee600000, 0x00000000ee700000|  0%| F|  |TAMS 0x00000000ee600000, 0x00000000ee600000| Untracked 
| 231|0x00000000ee700000, 0x00000000ee700000, 0x00000000ee800000|  0%| F|  |TAMS 0x00000000ee700000, 0x00000000ee700000| Untracked 
| 232|0x00000000ee800000, 0x00000000ee8b9ba8, 0x00000000ee900000| 72%| E|  |TAMS 0x00000000ee800000, 0x00000000ee800000| Complete 
| 233|0x00000000ee900000, 0x00000000eea00000, 0x00000000eea00000|100%| E|CS|TAMS 0x00000000ee900000, 0x00000000ee900000| Complete 
| 234|0x00000000eea00000, 0x00000000eeb00000, 0x00000000eeb00000|100%| E|CS|TAMS 0x00000000eea00000, 0x00000000eea00000| Complete 
| 235|0x00000000eeb00000, 0x00000000eec00000, 0x00000000eec00000|100%| E|CS|TAMS 0x00000000eeb00000, 0x00000000eeb00000| Complete 
| 236|0x00000000eec00000, 0x00000000eed00000, 0x00000000eed00000|100%| E|CS|TAMS 0x00000000eec00000, 0x00000000eec00000| Complete 
| 237|0x00000000eed00000, 0x00000000eee00000, 0x00000000eee00000|100%| E|CS|TAMS 0x00000000eed00000, 0x00000000eed00000| Complete 
| 238|0x00000000eee00000, 0x00000000eef00000, 0x00000000eef00000|100%| E|CS|TAMS 0x00000000eee00000, 0x00000000eee00000| Complete 
| 239|0x00000000eef00000, 0x00000000ef000000, 0x00000000ef000000|100%| E|CS|TAMS 0x00000000eef00000, 0x00000000eef00000| Complete 
| 240|0x00000000ef000000, 0x00000000ef100000, 0x00000000ef100000|100%| E|CS|TAMS 0x00000000ef000000, 0x00000000ef000000| Complete 
| 241|0x00000000ef100000, 0x00000000ef200000, 0x00000000ef200000|100%| E|CS|TAMS 0x00000000ef100000, 0x00000000ef100000| Complete 
| 242|0x00000000ef200000, 0x00000000ef300000, 0x00000000ef300000|100%| E|CS|TAMS 0x00000000ef200000, 0x00000000ef200000| Complete 
| 243|0x00000000ef300000, 0x00000000ef400000, 0x00000000ef400000|100%| E|CS|TAMS 0x00000000ef300000, 0x00000000ef300000| Complete 
| 244|0x00000000ef400000, 0x00000000ef500000, 0x00000000ef500000|100%| E|CS|TAMS 0x00000000ef400000, 0x00000000ef400000| Complete 
| 245|0x00000000ef500000, 0x00000000ef600000, 0x00000000ef600000|100%| E|CS|TAMS 0x00000000ef500000, 0x00000000ef500000| Complete 
| 246|0x00000000ef600000, 0x00000000ef700000, 0x00000000ef700000|100%| E|CS|TAMS 0x00000000ef600000, 0x00000000ef600000| Complete 
| 247|0x00000000ef700000, 0x00000000ef800000, 0x00000000ef800000|100%| E|CS|TAMS 0x00000000ef700000, 0x00000000ef700000| Complete 
| 248|0x00000000ef800000, 0x00000000ef900000, 0x00000000ef900000|100%| E|CS|TAMS 0x00000000ef800000, 0x00000000ef800000| Complete 
| 249|0x00000000ef900000, 0x00000000efa00000, 0x00000000efa00000|100%| E|CS|TAMS 0x00000000ef900000, 0x00000000ef900000| Complete 
| 250|0x00000000efa00000, 0x00000000efb00000, 0x00000000efb00000|100%| E|CS|TAMS 0x00000000efa00000, 0x00000000efa00000| Complete 
| 251|0x00000000efb00000, 0x00000000efc00000, 0x00000000efc00000|100%| E|CS|TAMS 0x00000000efb00000, 0x00000000efb00000| Complete 
| 252|0x00000000efc00000, 0x00000000efd00000, 0x00000000efd00000|100%| E|CS|TAMS 0x00000000efc00000, 0x00000000efc00000| Complete 
| 253|0x00000000efd00000, 0x00000000efe00000, 0x00000000efe00000|100%| E|CS|TAMS 0x00000000efd00000, 0x00000000efd00000| Complete 
| 254|0x00000000efe00000, 0x00000000eff00000, 0x00000000eff00000|100%| E|CS|TAMS 0x00000000efe00000, 0x00000000efe00000| Complete 
| 255|0x00000000eff00000, 0x00000000f0000000, 0x00000000f0000000|100%| E|CS|TAMS 0x00000000eff00000, 0x00000000eff00000| Complete 
| 256|0x00000000f0000000, 0x00000000f0100000, 0x00000000f0100000|100%| E|CS|TAMS 0x00000000f0000000, 0x00000000f0000000| Complete 
| 257|0x00000000f0100000, 0x00000000f0200000, 0x00000000f0200000|100%| E|CS|TAMS 0x00000000f0100000, 0x00000000f0100000| Complete 
| 258|0x00000000f0200000, 0x00000000f0300000, 0x00000000f0300000|100%| E|CS|TAMS 0x00000000f0200000, 0x00000000f0200000| Complete 
| 259|0x00000000f0300000, 0x00000000f0400000, 0x00000000f0400000|100%| E|CS|TAMS 0x00000000f0300000, 0x00000000f0300000| Complete 
| 260|0x00000000f0400000, 0x00000000f0500000, 0x00000000f0500000|100%| O|  |TAMS 0x00000000f0500000, 0x00000000f0400000| Updating 
| 261|0x00000000f0500000, 0x00000000f0600000, 0x00000000f0600000|100%| O|  |TAMS 0x00000000f0600000, 0x00000000f0500000| Updating 
| 262|0x00000000f0600000, 0x00000000f0700000, 0x00000000f0700000|100%| O|  |TAMS 0x00000000f0700000, 0x00000000f0600000| Updating 
| 263|0x00000000f0700000, 0x00000000f0800000, 0x00000000f0800000|100%| O|  |TAMS 0x00000000f0800000, 0x00000000f0700000| Updating 
| 264|0x00000000f0800000, 0x00000000f0900000, 0x00000000f0900000|100%| E|CS|TAMS 0x00000000f0800000, 0x00000000f0800000| Complete 
| 265|0x00000000f0900000, 0x00000000f0a00000, 0x00000000f0a00000|100%| E|  |TAMS 0x00000000f0900000, 0x00000000f0900000| Complete 
| 266|0x00000000f0a00000, 0x00000000f0b00000, 0x00000000f0b00000|100%| E|CS|TAMS 0x00000000f0a00000, 0x00000000f0a00000| Complete 
| 267|0x00000000f0b00000, 0x00000000f0c00000, 0x00000000f0c00000|100%| E|CS|TAMS 0x00000000f0b00000, 0x00000000f0b00000| Complete 
| 268|0x00000000f0c00000, 0x00000000f0c80030, 0x00000000f0d00000| 50%| S|CS|TAMS 0x00000000f0c00000, 0x00000000f0c00000| Complete 
| 269|0x00000000f0d00000, 0x00000000f0e00000, 0x00000000f0e00000|100%| S|CS|TAMS 0x00000000f0d00000, 0x00000000f0d00000| Complete 
| 270|0x00000000f0e00000, 0x00000000f0f00000, 0x00000000f0f00000|100%| S|CS|TAMS 0x00000000f0e00000, 0x00000000f0e00000| Complete 
| 271|0x00000000f0f00000, 0x00000000f1000000, 0x00000000f1000000|100%| S|CS|TAMS 0x00000000f0f00000, 0x00000000f0f00000| Complete 
| 272|0x00000000f1000000, 0x00000000f1100000, 0x00000000f1100000|100%| S|CS|TAMS 0x00000000f1000000, 0x00000000f1000000| Complete 
| 273|0x00000000f1100000, 0x00000000f1200000, 0x00000000f1200000|100%| S|CS|TAMS 0x00000000f1100000, 0x00000000f1100000| Complete 
| 274|0x00000000f1200000, 0x00000000f1300000, 0x00000000f1300000|100%| E|CS|TAMS 0x00000000f1200000, 0x00000000f1200000| Complete 
| 275|0x00000000f1300000, 0x00000000f1400000, 0x00000000f1400000|100%| E|CS|TAMS 0x00000000f1300000, 0x00000000f1300000| Complete 
| 276|0x00000000f1400000, 0x00000000f1500000, 0x00000000f1500000|100%| E|CS|TAMS 0x00000000f1400000, 0x00000000f1400000| Complete 
| 277|0x00000000f1500000, 0x00000000f1600000, 0x00000000f1600000|100%| E|CS|TAMS 0x00000000f1500000, 0x00000000f1500000| Complete 
| 278|0x00000000f1600000, 0x00000000f1700000, 0x00000000f1700000|100%| E|CS|TAMS 0x00000000f1600000, 0x00000000f1600000| Complete 
| 279|0x00000000f1700000, 0x00000000f1800000, 0x00000000f1800000|100%| E|CS|TAMS 0x00000000f1700000, 0x00000000f1700000| Complete 
| 280|0x00000000f1800000, 0x00000000f1900000, 0x00000000f1900000|100%| E|CS|TAMS 0x00000000f1800000, 0x00000000f1800000| Complete 
| 281|0x00000000f1900000, 0x00000000f1a00000, 0x00000000f1a00000|100%| E|CS|TAMS 0x00000000f1900000, 0x00000000f1900000| Complete 
| 282|0x00000000f1a00000, 0x00000000f1b00000, 0x00000000f1b00000|100%| E|CS|TAMS 0x00000000f1a00000, 0x00000000f1a00000| Complete 
| 283|0x00000000f1b00000, 0x00000000f1c00000, 0x00000000f1c00000|100%| E|CS|TAMS 0x00000000f1b00000, 0x00000000f1b00000| Complete 

Card table byte_map: [0x0000014f72e90000,0x0000014f72f90000] _byte_map_base: 0x0000014f72790000

Marking Bits (Prev, Next): (CMBitMap*) 0x0000014f6a8b7d98, (CMBitMap*) 0x0000014f6a8b7dd8
 Prev Bits: [0x0000014f73090000, 0x0000014f73890000)
 Next Bits: [0x0000014f73890000, 0x0000014f74090000)

Polling page: 0x0000014f68670000

Metaspace:

Usage:
  Non-class:     84.06 MB capacity,    82.33 MB ( 98%) used,     1.47 MB (  2%) free+waste,   260.63 KB ( <1%) overhead. 
      Class:     12.60 MB capacity,    11.65 MB ( 92%) used,   857.42 KB (  7%) free+waste,   112.25 KB ( <1%) overhead. 
       Both:     96.66 MB capacity,    93.98 MB ( 97%) used,     2.31 MB (  2%) free+waste,   372.88 KB ( <1%) overhead. 

Virtual space:
  Non-class space:       86.00 MB reserved,      84.30 MB ( 98%) committed 
      Class space:      248.00 MB reserved,      12.80 MB (  5%) committed 
             Both:      334.00 MB reserved,      97.11 MB ( 29%) committed 

Chunk freelists:
   Non-Class:  188.00 KB
       Class:  156.00 KB
        Both:  344.00 KB

MaxMetaspaceSize: 256.00 MB
CompressedClassSpaceSize: 248.00 MB

CodeHeap 'non-profiled nmethods': size=120064Kb used=10613Kb max_used=10613Kb free=109450Kb
 bounds [0x0000014f07ac0000, 0x0000014f08520000, 0x0000014f0f000000]
CodeHeap 'profiled nmethods': size=120000Kb used=40922Kb max_used=40922Kb free=79077Kb
 bounds [0x0000014f00590000, 0x0000014f02da0000, 0x0000014f07ac0000]
CodeHeap 'non-nmethods': size=5696Kb used=2478Kb max_used=2507Kb free=3217Kb
 bounds [0x0000014f00000000, 0x0000014f00280000, 0x0000014f00590000]
 total_blobs=26415 nmethods=16824 adapters=843
 compilation: enabled
              stopped_count=0, restarted_count=0
 full_count=0

Compilation events (20 events):
Event: 80.938 Thread 0x0000014f766af800 19861       3       com.android.tools.r8.dex.DebugBytecodeWriter::putByte (16 bytes)
Event: 80.938 Thread 0x0000014f766af800 nmethod 19861 0x0000014f02d89490 code [0x0000014f02d89640, 0x0000014f02d898e0]
Event: 80.939 Thread 0x0000014f766af800 19863       3       com.android.tools.r8.graph.DexDebugEvent$AdvancePC::writeOn (14 bytes)
Event: 80.939 Thread 0x0000014f766af800 nmethod 19863 0x0000014f02d89a10 code [0x0000014f02d89c20, 0x0000014f02d8a110]
Event: 80.941 Thread 0x0000014f766af800 19865       3       com.android.tools.r8.utils.LebUtils::encodeSleb128 (94 bytes)
Event: 80.941 Thread 0x0000014f766af800 nmethod 19865 0x0000014f02d8a310 code [0x0000014f02d8a500, 0x0000014f02d8abb0]
Event: 80.942 Thread 0x0000014f766af800 19866       3       com.android.tools.r8.dex.FileWriter$$Lambda$1154/0x00000008017ce440::accept (12 bytes)
Event: 80.942 Thread 0x0000014f766af800 nmethod 19866 0x0000014f02d8ad90 code [0x0000014f02d8af40, 0x0000014f02d8b210]
Event: 80.942 Thread 0x0000014f766af800 19867       3       com.android.tools.r8.dex.DebugBytecodeWriter::generate (120 bytes)
Event: 80.945 Thread 0x0000014f766af800 nmethod 19867 0x0000014f02d8b310 code [0x0000014f02d8b6a0, 0x0000014f02d8cb50]
Event: 80.946 Thread 0x0000014f766af800 19868       3       com.android.tools.r8.graph.DexDebugEvent$RestartLocal::writeOn (15 bytes)
Event: 80.946 Thread 0x0000014f766af800 nmethod 19868 0x0000014f02d8d410 code [0x0000014f02d8d620, 0x0000014f02d8db10]
Event: 80.947 Thread 0x0000014f766af800 19869       3       com.android.tools.r8.dex.FileWriter::writeDebugItem (38 bytes)
Event: 80.948 Thread 0x0000014f766af800 nmethod 19869 0x0000014f02d8dd10 code [0x0000014f02d8df80, 0x0000014f02d8eae0]
Event: 80.973 Thread 0x0000014f79498800 nmethod 19851 0x0000014f08519410 code [0x0000014f08519620, 0x0000014f0851b518]
Event: 80.973 Thread 0x0000014f79498800 19855       4       com.android.tools.r8.dex.FileWriter::sizeOfCodeItem (256 bytes)
Event: 80.998 Thread 0x0000014f79498800 nmethod 19855 0x0000014f0851c190 code [0x0000014f0851c360, 0x0000014f0851cda8]
Event: 80.998 Thread 0x0000014f79498800 19872       4       com.android.tools.r8.dex.DebugBytecodeWriter::generate (120 bytes)
Event: 81.031 Thread 0x0000014f766af800 19873       3       com.android.tools.r8.graph.DexDebugEvent$StartLocal::writeOn (56 bytes)
Event: 81.034 Thread 0x0000014f766af800 nmethod 19873 0x0000014f02d8ef90 code [0x0000014f02d8f380, 0x0000014f02d90a80]

GC Heap History (20 events):
Event: 66.138 GC heap before
{Heap before GC invocations=23 (full 0):
 garbage-first heap   total 262144K, used 204158K [0x00000000e0000000, 0x0000000100000000)
  region size 1024K, 92 young (94208K), 12 survivors (12288K)
 Metaspace       used 83529K, capacity 85986K, committed 86256K, reserved 329728K
  class space    used 10558K, capacity 11419K, committed 11448K, reserved 253952K
}
Event: 66.155 GC heap after
{Heap after GC invocations=24 (full 0):
 garbage-first heap   total 262144K, used 114821K [0x00000000e0000000, 0x0000000100000000)
  region size 1024K, 5 young (5120K), 5 survivors (5120K)
 Metaspace       used 83529K, capacity 85986K, committed 86256K, reserved 329728K
  class space    used 10558K, capacity 11419K, committed 11448K, reserved 253952K
}
Event: 67.457 GC heap before
{Heap before GC invocations=24 (full 0):
 garbage-first heap   total 262144K, used 201861K [0x00000000e0000000, 0x0000000100000000)
  region size 1024K, 92 young (94208K), 5 survivors (5120K)
 Metaspace       used 84223K, capacity 86662K, committed 86896K, reserved 329728K
  class space    used 10621K, capacity 11473K, committed 11576K, reserved 253952K
}
Event: 67.467 GC heap after
{Heap after GC invocations=25 (full 0):
 garbage-first heap   total 262144K, used 111697K [0x00000000e0000000, 0x0000000100000000)
  region size 1024K, 4 young (4096K), 4 survivors (4096K)
 Metaspace       used 84223K, capacity 86662K, committed 86896K, reserved 329728K
  class space    used 10621K, capacity 11473K, committed 11576K, reserved 253952K
}
Event: 70.750 GC heap before
{Heap before GC invocations=25 (full 0):
 garbage-first heap   total 262144K, used 205905K [0x00000000e0000000, 0x0000000100000000)
  region size 1024K, 95 young (97280K), 4 survivors (4096K)
 Metaspace       used 92441K, capacity 95269K, committed 95472K, reserved 337920K
  class space    used 11726K, capacity 12703K, committed 12728K, reserved 253952K
}
Event: 70.776 GC heap after
{Heap after GC invocations=26 (full 0):
 garbage-first heap   total 262144K, used 121581K [0x00000000e0000000, 0x0000000100000000)
  region size 1024K, 12 young (12288K), 12 survivors (12288K)
 Metaspace       used 92441K, capacity 95269K, committed 95472K, reserved 337920K
  class space    used 11726K, capacity 12703K, committed 12728K, reserved 253952K
}
Event: 72.916 GC heap before
{Heap before GC invocations=26 (full 0):
 garbage-first heap   total 262144K, used 206573K [0x00000000e0000000, 0x0000000100000000)
  region size 1024K, 96 young (98304K), 12 survivors (12288K)
 Metaspace       used 95082K, capacity 97963K, committed 98032K, reserved 339968K
  class space    used 11923K, capacity 12923K, committed 12984K, reserved 253952K
}
Event: 72.940 GC heap after
{Heap after GC invocations=27 (full 0):
 garbage-first heap   total 262144K, used 122477K [0x00000000e0000000, 0x0000000100000000)
  region size 1024K, 4 young (4096K), 4 survivors (4096K)
 Metaspace       used 95082K, capacity 97963K, committed 98032K, reserved 339968K
  class space    used 11923K, capacity 12923K, committed 12984K, reserved 253952K
}
Event: 74.092 GC heap before
{Heap before GC invocations=27 (full 0):
 garbage-first heap   total 262144K, used 209517K [0x00000000e0000000, 0x0000000100000000)
  region size 1024K, 90 young (92160K), 4 survivors (4096K)
 Metaspace       used 95484K, capacity 98430K, committed 98544K, reserved 339968K
  class space    used 11948K, capacity 12963K, committed 12984K, reserved 253952K
}
Event: 74.121 GC heap after
{Heap after GC invocations=28 (full 0):
 garbage-first heap   total 262144K, used 127112K [0x00000000e0000000, 0x0000000100000000)
  region size 1024K, 9 young (9216K), 9 survivors (9216K)
 Metaspace       used 95484K, capacity 98430K, committed 98544K, reserved 339968K
  class space    used 11948K, capacity 12963K, committed 12984K, reserved 253952K
}
Event: 75.795 GC heap before
{Heap before GC invocations=29 (full 0):
 garbage-first heap   total 262144K, used 201864K [0x00000000e0000000, 0x0000000100000000)
  region size 1024K, 92 young (94208K), 9 survivors (9216K)
 Metaspace       used 95372K, capacity 98091K, committed 98544K, reserved 339968K
  class space    used 11863K, capacity 12814K, committed 12984K, reserved 253952K
}
Event: 75.812 GC heap after
{Heap after GC invocations=30 (full 0):
 garbage-first heap   total 262144K, used 119268K [0x00000000e0000000, 0x0000000100000000)
  region size 1024K, 4 young (4096K), 4 survivors (4096K)
 Metaspace       used 95372K, capacity 98091K, committed 98544K, reserved 339968K
  class space    used 11863K, capacity 12814K, committed 12984K, reserved 253952K
}
Event: 76.442 GC heap before
{Heap before GC invocations=30 (full 0):
 garbage-first heap   total 262144K, used 169444K [0x00000000e0000000, 0x0000000100000000)
  region size 1024K, 55 young (56320K), 4 survivors (4096K)
 Metaspace       used 95541K, capacity 98284K, committed 98800K, reserved 339968K
  class space    used 11876K, capacity 12824K, committed 12984K, reserved 253952K
}
Event: 76.447 GC heap after
{Heap after GC invocations=31 (full 0):
 garbage-first heap   total 262144K, used 115138K [0x00000000e0000000, 0x0000000100000000)
  region size 1024K, 2 young (2048K), 2 survivors (2048K)
 Metaspace       used 95541K, capacity 98284K, committed 98800K, reserved 339968K
  class space    used 11876K, capacity 12824K, committed 12984K, reserved 253952K
}
Event: 79.022 GC heap before
{Heap before GC invocations=32 (full 0):
 garbage-first heap   total 266240K, used 223682K [0x00000000e0000000, 0x0000000100000000)
  region size 1024K, 95 young (97280K), 2 survivors (2048K)
 Metaspace       used 96250K, capacity 99016K, committed 99440K, reserved 342016K
  class space    used 11939K, capacity 12916K, committed 13112K, reserved 253952K
}
Event: 79.186 GC heap after
{Heap after GC invocations=33 (full 0):
 garbage-first heap   total 270336K, used 162060K [0x00000000e0000000, 0x0000000100000000)
  region size 1024K, 13 young (13312K), 13 survivors (13312K)
 Metaspace       used 96250K, capacity 99016K, committed 99440K, reserved 342016K
  class space    used 11939K, capacity 12916K, committed 13112K, reserved 253952K
}
Event: 79.297 GC heap before
{Heap before GC invocations=33 (full 0):
 garbage-first heap   total 270336K, used 165132K [0x00000000e0000000, 0x0000000100000000)
  region size 1024K, 14 young (14336K), 13 survivors (13312K)
 Metaspace       used 96250K, capacity 99016K, committed 99440K, reserved 342016K
  class space    used 11939K, capacity 12916K, committed 13112K, reserved 253952K
}
Event: 79.440 GC heap after
{Heap after GC invocations=34 (full 0):
 garbage-first heap   total 270336K, used 164096K [0x00000000e0000000, 0x0000000100000000)
  region size 1024K, 1 young (1024K), 1 survivors (1024K)
 Metaspace       used 96250K, capacity 99016K, committed 99440K, reserved 342016K
  class space    used 11939K, capacity 12916K, committed 13112K, reserved 253952K
}
Event: 80.331 GC heap before
{Heap before GC invocations=35 (full 0):
 garbage-first heap   total 290816K, used 183552K [0x00000000e0000000, 0x0000000100000000)
  region size 1024K, 15 young (15360K), 1 survivors (1024K)
 Metaspace       used 96254K, capacity 99016K, committed 99440K, reserved 342016K
  class space    used 11939K, capacity 12916K, committed 13112K, reserved 253952K
}
Event: 80.342 GC heap after
{Heap after GC invocations=36 (full 0):
 garbage-first heap   total 290816K, used 175872K [0x00000000e0000000, 0x0000000100000000)
  region size 1024K, 6 young (6144K), 6 survivors (6144K)
 Metaspace       used 96254K, capacity 99016K, committed 99440K, reserved 342016K
  class space    used 11939K, capacity 12916K, committed 13112K, reserved 253952K
}

Deoptimization events (20 events):
Event: 80.927 Thread 0x0000014f794a6000 DEOPT PACKING pc=0x0000014f02d85f2d sp=0x0000002b6edfe780
Event: 80.927 Thread 0x0000014f794a6000 DEOPT UNPACKING pc=0x0000014f0004964e sp=0x0000002b6edfdc60 mode 0
Event: 80.928 Thread 0x0000014f794a6000 DEOPT PACKING pc=0x0000014f02d85f2d sp=0x0000002b6edfe780
Event: 80.928 Thread 0x0000014f794a6000 DEOPT UNPACKING pc=0x0000014f0004964e sp=0x0000002b6edfdc60 mode 0
Event: 80.928 Thread 0x0000014f794a6000 DEOPT PACKING pc=0x0000014f02d85f2d sp=0x0000002b6edfe780
Event: 80.928 Thread 0x0000014f794a6000 DEOPT UNPACKING pc=0x0000014f0004964e sp=0x0000002b6edfdc60 mode 0
Event: 80.929 Thread 0x0000014f794a6000 DEOPT PACKING pc=0x0000014f02d85f2d sp=0x0000002b6edfe780
Event: 80.929 Thread 0x0000014f794a6000 DEOPT UNPACKING pc=0x0000014f0004964e sp=0x0000002b6edfdc60 mode 0
Event: 80.929 Thread 0x0000014f794a6000 DEOPT PACKING pc=0x0000014f02d85f2d sp=0x0000002b6edfe780
Event: 80.930 Thread 0x0000014f794a6000 DEOPT UNPACKING pc=0x0000014f0004964e sp=0x0000002b6edfdc60 mode 0
Event: 80.930 Thread 0x0000014f794a6000 DEOPT PACKING pc=0x0000014f02d85f2d sp=0x0000002b6edfe780
Event: 80.930 Thread 0x0000014f794a6000 DEOPT UNPACKING pc=0x0000014f0004964e sp=0x0000002b6edfdc60 mode 0
Event: 80.930 Thread 0x0000014f794a6000 DEOPT PACKING pc=0x0000014f02d85f2d sp=0x0000002b6edfe780
Event: 80.930 Thread 0x0000014f794a6000 DEOPT UNPACKING pc=0x0000014f0004964e sp=0x0000002b6edfdc60 mode 0
Event: 80.931 Thread 0x0000014f794a6000 DEOPT PACKING pc=0x0000014f02d85f2d sp=0x0000002b6edfe780
Event: 80.931 Thread 0x0000014f794a6000 DEOPT UNPACKING pc=0x0000014f0004964e sp=0x0000002b6edfdc60 mode 0
Event: 80.931 Thread 0x0000014f794a6000 Uncommon trap: trap_request=0xffffff45 fr.pc=0x0000014f08213114 relative=0x0000000000000074
Event: 80.931 Thread 0x0000014f794a6000 Uncommon trap: reason=unstable_if action=reinterpret pc=0x0000014f08213114 method=com.android.tools.r8.dex.DexOutputBuffer.ensureSpaceFor(I)V @ 8 c2
Event: 80.931 Thread 0x0000014f794a6000 DEOPT PACKING pc=0x0000014f08213114 sp=0x0000002b6edfe8a0
Event: 80.931 Thread 0x0000014f794a6000 DEOPT UNPACKING pc=0x0000014f0004912f sp=0x0000002b6edfe818 mode 2

Classes unloaded (20 events):
Event: 74.790 Thread 0x0000014f7667a000 Unloading class 0x0000000801687c40 'com/android/build/gradle/internal/transforms/DexArchiveBuilderTransform$$Lambda$826'
Event: 74.790 Thread 0x0000014f7667a000 Unloading class 0x000000080166d440 'java/util/zip/ZipFile$$Lambda$805'
Event: 76.948 Thread 0x0000014f7667a000 Unloading class 0x00000008017cd040 'com/android/tools/r8/dex/FileWriter$$Lambda$1153'
Event: 76.948 Thread 0x0000014f7667a000 Unloading class 0x00000008017cac40 'com/android/tools/r8/dex/VirtualFile$$Lambda$1138'
Event: 81.082 Thread 0x0000014f7667a000 Unloading class 0x00000008016f2040 'com/android/tools/r8/dex/DexParser$$Lambda$1228'
Event: 81.082 Thread 0x0000014f7667a000 Unloading class 0x000000080173bc40 'com/android/tools/r8/dex/DexParser$$Lambda$1224'
Event: 81.082 Thread 0x0000014f7667a000 Unloading class 0x000000080173f840 'com/android/tools/r8/dex/DexParser$$Lambda$1223'
Event: 81.082 Thread 0x0000014f7667a000 Unloading class 0x000000080173e840 'com/android/tools/r8/dex/DexParser$$Lambda$1222'
Event: 81.082 Thread 0x0000014f7667a000 Unloading class 0x000000080173d040 'com/android/tools/r8/dex/DexParser$$Lambda$1220'
Event: 81.082 Thread 0x0000014f7667a000 Unloading class 0x000000080173c840 'com/android/tools/r8/dex/DexParser$$Lambda$1219'
Event: 81.082 Thread 0x0000014f7667a000 Unloading class 0x0000000801748c40 'com/android/tools/r8/dex/DexParser$$Lambda$1217'
Event: 81.082 Thread 0x0000014f7667a000 Unloading class 0x000000080174a440 'com/android/tools/r8/dex/DexParser$$Lambda$1215'
Event: 81.082 Thread 0x0000014f7667a000 Unloading class 0x000000080174ac40 'com/android/tools/r8/dex/DexParser$$Lambda$1214'
Event: 81.082 Thread 0x0000014f7667a000 Unloading class 0x000000080174b440 'com/android/tools/r8/dex/DexParser$$Lambda$1213'
Event: 81.082 Thread 0x0000014f7667a000 Unloading class 0x000000080174c440 'com/android/tools/r8/dex/DexParser$$Lambda$1211'
Event: 81.082 Thread 0x0000014f7667a000 Unloading class 0x000000080174fc40 'com/android/tools/r8/dex/DexParser$$Lambda$1210'
Event: 81.082 Thread 0x0000014f7667a000 Unloading class 0x000000080174e840 'com/android/tools/r8/dex/DexParser$$Lambda$1208'
Event: 81.082 Thread 0x0000014f7667a000 Unloading class 0x0000000801758040 'com/android/tools/r8/dex/DexParser$$Lambda$1207'
Event: 81.082 Thread 0x0000014f7667a000 Unloading class 0x0000000801758840 'com/android/tools/r8/dex/DexParser$$Lambda$1205'
Event: 81.082 Thread 0x0000014f7667a000 Unloading class 0x000000080175f040 'com/android/tools/r8/dex/DexParser$$Lambda$1204'

Classes redefined (0 events):
No events

Internal exceptions (20 events):
Event: 76.068 Thread 0x0000014f794a3000 Exception <a 'sun/nio/fs/WindowsException'{0x00000000edfd44d8}> (0x00000000edfd44d8) 
thrown [t:/workspace/open/src/hotspot/share/prims/jni.cpp, line 598]
Event: 76.069 Thread 0x0000014f794a3000 Exception <a 'sun/nio/fs/WindowsException'{0x00000000edfd8f08}> (0x00000000edfd8f08) 
thrown [t:/workspace/open/src/hotspot/share/prims/jni.cpp, line 598]
Event: 76.070 Thread 0x0000014f794a3000 Exception <a 'sun/nio/fs/WindowsException'{0x00000000edfdf9e0}> (0x00000000edfdf9e0) 
thrown [t:/workspace/open/src/hotspot/share/prims/jni.cpp, line 598]
Event: 76.071 Thread 0x0000014f794a3000 Exception <a 'sun/nio/fs/WindowsException'{0x00000000edfe4470}> (0x00000000edfe4470) 
thrown [t:/workspace/open/src/hotspot/share/prims/jni.cpp, line 598]
Event: 76.073 Thread 0x0000014f794a3000 Exception <a 'sun/nio/fs/WindowsException'{0x00000000edfe9318}> (0x00000000edfe9318) 
thrown [t:/workspace/open/src/hotspot/share/prims/jni.cpp, line 598]
Event: 76.074 Thread 0x0000014f794a3000 Exception <a 'sun/nio/fs/WindowsException'{0x00000000edfeff20}> (0x00000000edfeff20) 
thrown [t:/workspace/open/src/hotspot/share/prims/jni.cpp, line 598]
Event: 76.075 Thread 0x0000014f794a3000 Exception <a 'sun/nio/fs/WindowsException'{0x00000000edff4940}> (0x00000000edff4940) 
thrown [t:/workspace/open/src/hotspot/share/prims/jni.cpp, line 598]
Event: 76.076 Thread 0x0000014f794a3000 Exception <a 'sun/nio/fs/WindowsException'{0x00000000edff93c0}> (0x00000000edff93c0) 
thrown [t:/workspace/open/src/hotspot/share/prims/jni.cpp, line 598]
Event: 76.078 Thread 0x0000014f794a3000 Exception <a 'sun/nio/fs/WindowsException'{0x00000000edfff198}> (0x00000000edfff198) 
thrown [t:/workspace/open/src/hotspot/share/prims/jni.cpp, line 598]
Event: 76.079 Thread 0x0000014f794a3000 Exception <a 'sun/nio/fs/WindowsException'{0x00000000edac4068}> (0x00000000edac4068) 
thrown [t:/workspace/open/src/hotspot/share/prims/jni.cpp, line 598]
Event: 76.081 Thread 0x0000014f794a3000 Exception <a 'sun/nio/fs/WindowsException'{0x00000000edacad58}> (0x00000000edacad58) 
thrown [t:/workspace/open/src/hotspot/share/prims/jni.cpp, line 598]
Event: 76.092 Thread 0x0000014f794a3000 Exception <a 'sun/nio/fs/WindowsException'{0x00000000edacfcc8}> (0x00000000edacfcc8) 
thrown [t:/workspace/open/src/hotspot/share/prims/jni.cpp, line 598]
Event: 76.094 Thread 0x0000014f794a3000 Exception <a 'sun/nio/fs/WindowsException'{0x00000000edad6890}> (0x00000000edad6890) 
thrown [t:/workspace/open/src/hotspot/share/prims/jni.cpp, line 598]
Event: 76.096 Thread 0x0000014f794a3000 Exception <a 'sun/nio/fs/WindowsException'{0x00000000edadb210}> (0x00000000edadb210) 
thrown [t:/workspace/open/src/hotspot/share/prims/jni.cpp, line 598]
Event: 76.098 Thread 0x0000014f794a3000 Exception <a 'sun/nio/fs/WindowsException'{0x00000000edadfc50}> (0x00000000edadfc50) 
thrown [t:/workspace/open/src/hotspot/share/prims/jni.cpp, line 598]
Event: 76.511 Thread 0x0000014f794a5800 Exception <a 'sun/nio/fs/WindowsException'{0x00000000effde840}> (0x00000000effde840) 
thrown [t:/workspace/open/src/hotspot/share/prims/jni.cpp, line 598]
Event: 77.088 Thread 0x0000014f794a5800 Implicit null exception at 0x0000014f07c0fe2f to 0x0000014f07c0ff22
Event: 77.088 Thread 0x0000014f794a6000 Implicit null exception at 0x0000014f07c0fe2f to 0x0000014f07c0ff22
Event: 77.088 Thread 0x0000014f794a4800 Implicit null exception at 0x0000014f07c0fe2f to 0x0000014f07c0ff22
Event: 80.143 Thread 0x0000014f794a6000 Implicit null exception at 0x0000014f0845e95c to 0x0000014f0845eaa2

Events (20 events):
Event: 78.145 loading class com/android/tools/r8/com/google/gson/JsonParser done
Event: 78.146 loading class com/android/tools/r8/com/google/gson/internal/JsonReaderInternalAccess
Event: 78.146 loading class com/android/tools/r8/com/google/gson/internal/JsonReaderInternalAccess done
Event: 78.147 loading class com/android/tools/r8/com/google/gson/stream/JsonReader$1
Event: 78.147 loading class com/android/tools/r8/com/google/gson/stream/JsonReader$1 done
Event: 78.148 loading class com/android/tools/r8/com/google/gson/stream/JsonToken
Event: 78.148 loading class com/android/tools/r8/com/google/gson/stream/JsonToken done
Event: 78.149 loading class com/android/tools/r8/com/google/gson/internal/bind/TypeAdapters$36
Event: 78.149 loading class com/android/tools/r8/com/google/gson/internal/bind/TypeAdapters$36 done
Event: 79.022 Executing VM operation: G1CollectForAllocation
Event: 79.218 Executing VM operation: G1CollectForAllocation done
Event: 79.297 Executing VM operation: G1CollectForAllocation
Event: 79.440 Executing VM operation: G1CollectForAllocation done
Event: 79.903 Executing VM operation: G1Concurrent
Event: 79.920 Executing VM operation: G1Concurrent done
Event: 80.304 Executing VM operation: G1Concurrent
Event: 80.304 Executing VM operation: G1Concurrent done
Event: 80.331 Executing VM operation: G1CollectForAllocation
Event: 80.342 Executing VM operation: G1CollectForAllocation done
Event: 81.076 Executing VM operation: G1Concurrent


Dynamic libraries:
0x00007ff6b0540000 - 0x00007ff6b054f000 	C:\Program Files\Java\jdk-13.0.1\bin\java.exe
0x00007ffd3ac30000 - 0x00007ffd3ae1d000 	C:\Windows\SYSTEM32\ntdll.dll
0x00007ffd3a030000 - 0x00007ffd3a0e3000 	C:\Windows\System32\KERNEL32.DLL
0x00007ffd36f80000 - 0x00007ffd37213000 	C:\Windows\System32\KERNELBASE.dll
0x00007ffd37d50000 - 0x00007ffd37e4a000 	C:\Windows\System32\ucrtbase.dll
0x00007ffd32cd0000 - 0x00007ffd32ce8000 	C:\Program Files\Java\jdk-13.0.1\bin\jli.dll
0x00007ffd39d60000 - 0x00007ffd39e03000 	C:\Windows\System32\ADVAPI32.dll
0x00007ffd3a3e0000 - 0x00007ffd3a47e000 	C:\Windows\System32\msvcrt.dll
0x00007ffd3a530000 - 0x00007ffd3a5ce000 	C:\Windows\System32\sechost.dll
0x00007ffd39ed0000 - 0x00007ffd39ff2000 	C:\Windows\System32\RPCRT4.dll
0x00007ffd37e80000 - 0x00007ffd38017000 	C:\Windows\System32\USER32.dll
0x00007ffd37420000 - 0x00007ffd37440000 	C:\Windows\System32\win32u.dll
0x00007ffd3abd0000 - 0x00007ffd3abf9000 	C:\Windows\System32\GDI32.dll
0x00007ffd37280000 - 0x00007ffd37419000 	C:\Windows\System32\gdi32full.dll
0x00007ffd37cb0000 - 0x00007ffd37d50000 	C:\Windows\System32\msvcp_win.dll
0x00007ffd32cb0000 - 0x00007ffd32cc5000 	C:\Program Files\Java\jdk-13.0.1\bin\VCRUNTIME140.dll
0x00007ffd28300000 - 0x00007ffd28579000 	C:\Windows\WinSxS\amd64_microsoft.windows.common-controls_6595b64144ccf1df_6.0.17763.914_none_05b346b2072102f2\COMCTL32.dll
0x00007ffd3a8a0000 - 0x00007ffd3abcc000 	C:\Windows\System32\combase.dll
0x00007ffd37c00000 - 0x00007ffd37c7e000 	C:\Windows\System32\bcryptPrimitives.dll
0x00007ffd2d380000 - 0x00007ffd2d38a000 	C:\Windows\SYSTEM32\VERSION.dll
0x00007ffd37e50000 - 0x00007ffd37e7e000 	C:\Windows\System32\IMM32.DLL
0x00007ffd0bbc0000 - 0x00007ffd0bc5b000 	C:\Program Files\Java\jdk-13.0.1\bin\msvcp140.dll
0x00007ffcd0580000 - 0x00007ffcd10e6000 	C:\Program Files\Java\jdk-13.0.1\bin\server\jvm.dll
0x00007ffd3a020000 - 0x00007ffd3a028000 	C:\Windows\System32\PSAPI.DLL
0x00007ffd32280000 - 0x00007ffd322a4000 	C:\Windows\SYSTEM32\WINMM.dll
0x00007ffd271d0000 - 0x00007ffd271d9000 	C:\Windows\SYSTEM32\WSOCK32.dll
0x00007ffd3a6b0000 - 0x00007ffd3a71d000 	C:\Windows\System32\WS2_32.dll
0x00007ffd32250000 - 0x00007ffd3227d000 	C:\Windows\SYSTEM32\WINMMBASE.dll
0x00007ffd37460000 - 0x00007ffd374aa000 	C:\Windows\System32\cfgmgr32.dll
0x00007ffd36c20000 - 0x00007ffd36c31000 	C:\Windows\System32\kernel.appcore.dll
0x00007ffd32780000 - 0x00007ffd32790000 	C:\Program Files\Java\jdk-13.0.1\bin\verify.dll
0x00007ffd25d90000 - 0x00007ffd25f7d000 	C:\Windows\SYSTEM32\DBGHELP.DLL
0x00007ffd25d60000 - 0x00007ffd25d8a000 	C:\Windows\SYSTEM32\dbgcore.DLL
0x00007ffd289f0000 - 0x00007ffd28a16000 	C:\Program Files\Java\jdk-13.0.1\bin\java.dll
0x00007ffd289b0000 - 0x00007ffd289c7000 	C:\Program Files\Java\jdk-13.0.1\bin\zip.dll
0x00007ffd32750000 - 0x00007ffd3275a000 	C:\Program Files\Java\jdk-13.0.1\bin\jimage.dll
0x00007ffd38580000 - 0x00007ffd39a74000 	C:\Windows\System32\SHELL32.dll
0x00007ffd3a480000 - 0x00007ffd3a528000 	C:\Windows\System32\shcore.dll
0x00007ffd374b0000 - 0x00007ffd37bfd000 	C:\Windows\System32\windows.storage.dll
0x00007ffd36cc0000 - 0x00007ffd36ce4000 	C:\Windows\System32\profapi.dll
0x00007ffd36c40000 - 0x00007ffd36c9d000 	C:\Windows\System32\powrprof.dll
0x00007ffd39e10000 - 0x00007ffd39e62000 	C:\Windows\System32\shlwapi.dll
0x00007ffd37440000 - 0x00007ffd37457000 	C:\Windows\System32\cryptsp.dll
0x00007ffd28990000 - 0x00007ffd289a9000 	C:\Program Files\Java\jdk-13.0.1\bin\net.dll
0x00007ffd346c0000 - 0x00007ffd347b2000 	C:\Windows\SYSTEM32\WINHTTP.dll
0x00007ffd36490000 - 0x00007ffd364f7000 	C:\Windows\system32\mswsock.dll
0x00007ffd260e0000 - 0x00007ffd260f3000 	C:\Program Files\Java\jdk-13.0.1\bin\nio.dll
0x00007ffd07e10000 - 0x00007ffd07e36000 	C:\Users\taimo\.gradle\native\29\windows-amd64\native-platform.dll
0x00007ffd2efd0000 - 0x00007ffd2efd9000 	C:\Program Files\Java\jdk-13.0.1\bin\management.dll
0x00007ffd2ef80000 - 0x00007ffd2ef8b000 	C:\Program Files\Java\jdk-13.0.1\bin\management_ext.dll
0x00007ffd36010000 - 0x00007ffd36043000 	C:\Windows\system32\rsaenh.dll
0x00007ffd37c80000 - 0x00007ffd37ca6000 	C:\Windows\System32\bcrypt.dll
0x00007ffd36b50000 - 0x00007ffd36b78000 	C:\Windows\SYSTEM32\USERENV.dll
0x00007ffd36660000 - 0x00007ffd3666c000 	C:\Windows\SYSTEM32\CRYPTBASE.dll
0x00007ffd361b0000 - 0x00007ffd361ed000 	C:\Windows\SYSTEM32\IPHLPAPI.DLL
0x00007ffd3a890000 - 0x00007ffd3a898000 	C:\Windows\System32\NSI.dll
0x00007ffd2d180000 - 0x00007ffd2d196000 	C:\Windows\SYSTEM32\dhcpcsvc6.DLL
0x00007ffd2d5c0000 - 0x00007ffd2d5dc000 	C:\Windows\SYSTEM32\dhcpcsvc.DLL
0x00007ffd361f0000 - 0x00007ffd362b6000 	C:\Windows\SYSTEM32\DNSAPI.dll

dbghelp: loaded successfully - version: 4.0.5 - missing functions: none
symbol engine: initialized successfully - sym options: 0x614 - pdb path: .;C:\Program Files\Java\jdk-13.0.1\bin;C:\Windows\SYSTEM32;C:\Windows\WinSxS\amd64_microsoft.windows.common-controls_6595b64144ccf1df_6.0.17763.914_none_05b346b2072102f2;C:\Program Files\Java\jdk-13.0.1\bin\server;C:\Users\taimo\.gradle\native\29\windows-amd64

VM Arguments:
jvm_args: --add-opens=java.base/java.util=ALL-UNNAMED --add-opens=java.base/java.lang=ALL-UNNAMED --add-opens=java.base/java.lang.invoke=ALL-UNNAMED --add-opens=java.prefs/java.util.prefs=ALL-UNNAMED -XX:MaxMetaspaceSize=256m -XX:+HeapDumpOnOutOfMemoryError -Xms256m -Xmx512m -Dfile.encoding=windows-1252 -Duser.country=US -Duser.language=en -Duser.variant 
java_command: org.gradle.launcher.daemon.bootstrap.GradleDaemon 5.5
java_class_path (initial): C:\Users\taimo\.gradle\wrapper\dists\gradle-5.5-all\byeise1led9a3w3p149d02kfj\gradle-5.5\lib\gradle-launcher-5.5.jar
Launcher Type: SUN_STANDARD

[Global flags]
     intx CICompilerCount                          = 3                                         {product} {ergonomic}
   size_t CompressedClassSpaceSize                 = 260046848                                 {product} {ergonomic}
     uint ConcGCThreads                            = 1                                         {product} {ergonomic}
     uint G1ConcRefinementThreads                  = 4                                         {product} {ergonomic}
   size_t G1HeapRegionSize                         = 1048576                                   {product} {ergonomic}
    uintx GCDrainStackTargetSize                   = 64                                        {product} {ergonomic}
     bool HeapDumpOnOutOfMemoryError               = true                                   {manageable} {command line}
   size_t InitialHeapSize                          = 268435456                                 {product} {command line}
   size_t MarkStackSize                            = 4194304                                   {product} {ergonomic}
   size_t MaxHeapSize                              = 536870912                                 {product} {command line}
   size_t MaxMetaspaceSize                         = 268435456                                 {product} {command line}
   size_t MaxNewSize                               = 321912832                                 {product} {ergonomic}
   size_t MinHeapDeltaBytes                        = 1048576                                   {product} {ergonomic}
   size_t MinHeapSize                              = 268435456                                 {product} {command line}
    uintx NonNMethodCodeHeapSize                   = 5830732                                {pd product} {ergonomic}
    uintx NonProfiledCodeHeapSize                  = 122913754                              {pd product} {ergonomic}
    uintx ProfiledCodeHeapSize                     = 122913754                              {pd product} {ergonomic}
    uintx ReservedCodeCacheSize                    = 251658240                              {pd product} {ergonomic}
     bool SegmentedCodeCache                       = true                                      {product} {ergonomic}
   size_t SoftMaxHeapSize                          = 536870912                              {manageable} {ergonomic}
     bool UseCompressedClassPointers               = true                                 {lp64_product} {ergonomic}
     bool UseCompressedOops                        = true                                 {lp64_product} {ergonomic}
     bool UseG1GC                                  = true                                      {product} {ergonomic}
     bool UseLargePagesIndividualAllocation        = false                                  {pd product} {ergonomic}

Logging:
Log output configuration:
 #0: stdout all=warning uptime,level,tags
 #1: stderr all=off uptime,level,tags

Environment Variables:
JAVA_HOME=C:\Program Files\Java\jdk-13.0.1
CLASSPATH=F:\PUCIT FYP-PORTAL\FypPortal2\android\\gradle\wrapper\gradle-wrapper.jar
PATH=C:\Windows\system32;C:\Windows;C:\Windows\System32\Wbem;C:\Windows\System32\WindowsPowerShell\v1.0\;C:\Windows\System32\OpenSSH\;C:\Program Files\dotnet\;C:\Program Files\Microsoft SQL Server\130\Tools\Binn\;C:\Program Files\Microsoft SQL Server\Client SDK\ODBC\110\Tools\Binn\;C:\Program Files (x86)\Microsoft SQL Server\120\Tools\Binn\;C:\Program Files\Microsoft SQL Server\120\Tools\Binn\;C:\Program Files\Microsoft SQL Server\120\DTS\Binn\;C:\Program Files (x86)\Microsoft SQL Server\120\Tools\Binn\ManagementStudio\;C:\Program Files (x86)\Microsoft SQL Server\120\DTS\Binn\;F:\MATLAB\R2018a\runtime\win64;F:\MATLAB\R2018a\bin;C:\Program Files\Microsoft\Web Platform Installer\;F:\Xampp\php;F:\Xampp\php\windowsXamppPhp;C:\composer;F:\Downloads\Node.js\;C:\Program Files\TortoiseGit\bin;F:\Git\cmd;C:\Users\taimo\AppData\Local\Android\Sdk\platform-tools;C:\Program Files\Java\jdk-13.0.1\bin;C:\Users\taimo\AppData\Local\Microsoft\WindowsApps;C:\Users\taimo\AppData\Roaming\Composer\vendor\bin;C:\Users\taimo\AppData\Local\Programs\Microsoft VS Code\bin;C:\Users\taimo\AppData\Roaming\npm;C:\Users\taimo\AppData\Local\Android\Sdk\platform-tools;
USERNAME=taimo
OS=Windows_NT
PROCESSOR_IDENTIFIER=Intel64 Family 6 Model 42 Stepping 7, GenuineIntel



---------------  S Y S T E M  ---------------

OS: Windows 10 , 64 bit Build 17763 (10.0.17763.475)

CPU:total 4 (initial active 4) (2 cores per cpu, 2 threads per core) family 6 model 42 stepping 7, cmov, cx8, fxsr, mmx, sse, sse2, sse3, ssse3, sse4.1, sse4.2, popcnt, avx, clmul, ht, tsc, tscinvbit

Memory: 4k page, system-wide physical 8126M (831M free)
TotalPageFile size 11402M (AvailPageFile size 41M)
current process WorkingSet (physical memory assigned to process): 631M, peak: 634M
current process commit charge ("private bytes"): 670M, peak: 755M

vm_info: Java HotSpot(TM) 64-Bit Server VM (13.0.1+9) for windows-amd64 JRE (13.0.1+9), built on Oct  6 2019 12:37:49 by "mach5one" with unknown MS VC++:1916

END.
